0 verbose cli C:\Program Files\nodejs\node.exe C:\Users\Asus\AppData\Roaming\npm\node_modules\npm\bin\npm-cli.js
1 info using npm@11.5.2
2 info using node@v22.17.0
3 silly config load:file:C:\Users\Asus\AppData\Roaming\npm\node_modules\npm\npmrc
4 silly config load:file:D:\Projects\school\my-school-project\.npmrc
5 silly config load:file:C:\Users\Asus\.npmrc
6 silly config load:file:C:\Users\Asus\AppData\Roaming\npm\etc\npmrc
7 verbose title npm run dev
8 verbose argv "run" "dev"
9 verbose logfile logs-max:10 dir:D:\Projects\school\my-school-project\npm-cache\_logs\2025-12-01T19_42_04_912Z-
10 verbose logfile D:\Projects\school\my-school-project\npm-cache\_logs\2025-12-01T19_42_04_912Z-debug-0.log
11 silly logfile start cleaning logs, removing 1 files
12 silly logfile done cleaning log files
13 verbose cwd D:\Projects\school\my-school-project
14 verbose os Windows_NT 10.0.22631
15 verbose node v22.17.0
16 verbose npm  v11.5.2
17 verbose exit 1
18 verbose code 1
19 error A complete log of this run can be found in: D:\Projects\school\my-school-project\npm-cache\_logs\2025-12-01T19_42_04_912Z-debug-0.log
