0 verbose cli C:\Program Files\nodejs\node.exe C:\Users\Asus\AppData\Roaming\npm\node_modules\npm\bin\npm-cli.js
1 info using npm@11.5.2
2 info using node@v22.17.0
3 silly config load:file:C:\Users\Asus\AppData\Roaming\npm\node_modules\npm\npmrc
4 silly config load:file:D:\Projects\school\my-school-project\.npmrc
5 silly config load:file:C:\Users\Asus\.npmrc
6 silly config load:file:C:\Users\Asus\AppData\Roaming\npm\etc\npmrc
7 verbose title npm install lucide-react gsap @gsap/react
8 verbose argv "install" "lucide-react" "gsap" "@gsap/react"
9 verbose logfile logs-max:10 dir:D:\Projects\school\my-school-project\npm-cache\_logs\2025-12-02T05_22_14_375Z-
10 verbose logfile D:\Projects\school\my-school-project\npm-cache\_logs\2025-12-02T05_22_14_375Z-debug-0.log
11 silly logfile start cleaning logs, removing 1 files
12 silly packumentCache heap:2197815296 maxSize:549453824 maxEntrySize:274726912
13 silly logfile done cleaning log files
14 silly idealTree buildDeps
15 silly fetch manifest @hookform/resolvers@^5.2.2
16 silly packumentCache full:https://registry.npmjs.org/@hookform%2fresolvers cache-miss
17 http fetch GET 200 https://registry.npmjs.org/@hookform%2fresolvers 646ms (cache revalidated)
18 silly packumentCache full:https://registry.npmjs.org/@hookform%2fresolvers set size:871317 disposed:false
19 silly fetch manifest react-hook-form@^7.67.0
20 silly packumentCache full:https://registry.npmjs.org/react-hook-form cache-miss
21 http fetch GET 200 https://registry.npmjs.org/react-hook-form 89ms (cache revalidated)
22 silly packumentCache full:https://registry.npmjs.org/react-hook-form set size:5073351 disposed:false
23 silly fetch manifest react@19.2.0
24 silly packumentCache full:https://registry.npmjs.org/react cache-miss
25 http fetch GET 200 https://registry.npmjs.org/react 142ms (cache revalidated)
26 silly packumentCache full:https://registry.npmjs.org/react set size:6287832 disposed:false
27 silly fetch manifest @prisma/client@^7.0.1
28 silly packumentCache full:https://registry.npmjs.org/@prisma%2fclient cache-miss
29 http fetch GET 200 https://registry.npmjs.org/@prisma%2fclient 357ms (cache revalidated)
30 silly packumentCache full:https://registry.npmjs.org/@prisma%2fclient set size:65431938 disposed:false
31 silly fetch manifest prisma@^7.0.1
32 silly packumentCache full:https://registry.npmjs.org/prisma cache-miss
33 http fetch GET 200 https://registry.npmjs.org/prisma 263ms (cache revalidated)
34 silly packumentCache full:https://registry.npmjs.org/prisma set size:41658462 disposed:false
35 silly fetch manifest better-sqlite3@>=9.0.0
36 silly packumentCache full:https://registry.npmjs.org/better-sqlite3 cache-miss
37 http fetch GET 200 https://registry.npmjs.org/better-sqlite3 97ms (cache revalidated)
38 silly packumentCache full:https://registry.npmjs.org/better-sqlite3 set size:364974 disposed:false
39 silly fetch manifest typescript@^5
40 silly packumentCache full:https://registry.npmjs.org/typescript cache-miss
41 http fetch GET 200 https://registry.npmjs.org/typescript 137ms (cache revalidated)
42 silly packumentCache full:https://registry.npmjs.org/typescript set size:14960441 disposed:false
43 silly fetch manifest mysql2@^3.15.3
44 silly packumentCache full:https://registry.npmjs.org/mysql2 cache-miss
45 http fetch GET 200 https://registry.npmjs.org/mysql2 94ms (cache revalidated)
46 silly packumentCache full:https://registry.npmjs.org/mysql2 set size:610187 disposed:false
47 silly fetch manifest lucide-react@*
48 silly packumentCache full:https://registry.npmjs.org/lucide-react cache-miss
49 http fetch GET 200 https://registry.npmjs.org/lucide-react 188ms (cache miss)
50 silly packumentCache full:https://registry.npmjs.org/lucide-react set size:undefined disposed:false
51 silly fetch manifest gsap@*
52 silly packumentCache full:https://registry.npmjs.org/gsap cache-miss
53 http fetch GET 200 https://registry.npmjs.org/gsap 65ms (cache miss)
54 silly packumentCache full:https://registry.npmjs.org/gsap set size:undefined disposed:false
55 silly fetch manifest @gsap/react@*
56 silly packumentCache full:https://registry.npmjs.org/@gsap%2freact cache-miss
57 http fetch GET 200 https://registry.npmjs.org/@gsap%2freact 2116ms (cache miss)
58 silly packumentCache full:https://registry.npmjs.org/@gsap%2freact set size:undefined disposed:false
59 silly fetch manifest dotenv@^17.2.3
60 silly packumentCache full:https://registry.npmjs.org/dotenv cache-miss
61 http fetch GET 200 https://registry.npmjs.org/dotenv 69ms (cache revalidated)
62 silly packumentCache full:https://registry.npmjs.org/dotenv set size:261324 disposed:false
63 silly placeDep ROOT @gsap/react@2.1.2 OK for: my-school-project@0.1.0 want: *
64 silly placeDep ROOT gsap@3.13.0 OK for: @gsap/react@2.1.2 want: ^3.12.5
65 silly placeDep ROOT @hookform/resolvers@5.2.2 OK for: my-school-project@0.1.0 want: ^5.2.2
66 silly placeDep ROOT react-hook-form@7.67.0 OK for: @hookform/resolvers@5.2.2 want: ^7.55.0
67 silly placeDep ROOT @prisma/client@7.0.1 OK for: my-school-project@0.1.0 want: ^7.0.1
68 silly placeDep ROOT dotenv@17.2.3 OK for: my-school-project@0.1.0 want: ^17.2.3
69 silly placeDep ROOT gsap@3.13.0 REPLACE for: my-school-project@0.1.0 want: *
70 silly placeDep ROOT lucide-react@0.555.0 OK for: my-school-project@0.1.0 want: *
71 silly placeDep ROOT mysql2@3.15.3 OK for: my-school-project@0.1.0 want: ^3.15.3
72 silly placeDep ROOT prisma@7.0.1 OK for: my-school-project@0.1.0 want: ^7.0.1
73 silly fetch manifest @standard-schema/utils@^0.3.0
74 silly packumentCache full:https://registry.npmjs.org/@standard-schema%2futils cache-miss
75 silly fetch manifest @prisma/client-runtime-utils@7.0.1
76 silly packumentCache full:https://registry.npmjs.org/@prisma%2fclient-runtime-utils cache-miss
77 silly fetch manifest aws-ssl-profiles@^1.1.1
78 silly packumentCache full:https://registry.npmjs.org/aws-ssl-profiles cache-miss
79 silly fetch manifest denque@^2.1.0
80 silly packumentCache full:https://registry.npmjs.org/denque cache-miss
81 silly fetch manifest generate-function@^2.3.1
82 silly packumentCache full:https://registry.npmjs.org/generate-function cache-miss
83 silly fetch manifest iconv-lite@^0.7.0
84 silly packumentCache full:https://registry.npmjs.org/iconv-lite cache-miss
85 silly fetch manifest long@^5.2.1
86 silly packumentCache full:https://registry.npmjs.org/long cache-miss
87 http fetch GET 200 https://registry.npmjs.org/@standard-schema%2futils 85ms (cache revalidated)
88 silly packumentCache full:https://registry.npmjs.org/@standard-schema%2futils set size:15545 disposed:false
89 silly fetch manifest lru.min@^1.0.0
90 silly packumentCache full:https://registry.npmjs.org/lru.min cache-miss
91 http fetch GET 200 https://registry.npmjs.org/lru.min 89ms (cache revalidated)
92 silly packumentCache full:https://registry.npmjs.org/lru.min set size:48348 disposed:false
93 silly fetch manifest named-placeholders@^1.1.3
94 silly packumentCache full:https://registry.npmjs.org/named-placeholders cache-miss
95 http fetch GET 200 https://registry.npmjs.org/generate-function 194ms (cache revalidated)
96 silly packumentCache full:https://registry.npmjs.org/generate-function set size:22290 disposed:false
97 silly fetch manifest seq-queue@^0.0.5
98 silly packumentCache full:https://registry.npmjs.org/seq-queue cache-miss
99 http fetch GET 200 https://registry.npmjs.org/@prisma%2fclient-runtime-utils 199ms (cache revalidated)
100 silly packumentCache full:https://registry.npmjs.org/@prisma%2fclient-runtime-utils set size:327706 disposed:false
101 silly fetch manifest sqlstring@^2.3.2
102 silly packumentCache full:https://registry.npmjs.org/sqlstring cache-miss
103 http fetch GET 200 https://registry.npmjs.org/aws-ssl-profiles 211ms (cache revalidated)
104 silly packumentCache full:https://registry.npmjs.org/aws-ssl-profiles set size:13721 disposed:false
105 silly fetch manifest postgres@3.4.7
106 silly packumentCache full:https://registry.npmjs.org/postgres cache-miss
107 http fetch GET 200 https://registry.npmjs.org/iconv-lite 214ms (cache revalidated)
108 silly packumentCache full:https://registry.npmjs.org/iconv-lite set size:118890 disposed:false
109 silly fetch manifest @prisma/dev@0.13.0
110 silly packumentCache full:https://registry.npmjs.org/@prisma%2fdev cache-miss
111 http fetch GET 200 https://registry.npmjs.org/denque 221ms (cache revalidated)
112 silly packumentCache full:https://registry.npmjs.org/denque set size:62908 disposed:false
113 silly fetch manifest @prisma/config@7.0.1
114 silly packumentCache full:https://registry.npmjs.org/@prisma%2fconfig cache-miss
115 http fetch GET 200 https://registry.npmjs.org/long 224ms (cache revalidated)
116 silly packumentCache full:https://registry.npmjs.org/long set size:80704 disposed:false
117 silly fetch manifest @prisma/engines@7.0.1
118 silly packumentCache full:https://registry.npmjs.org/@prisma%2fengines cache-miss
119 http fetch GET 200 https://registry.npmjs.org/named-placeholders 59ms (cache revalidated)
120 silly packumentCache full:https://registry.npmjs.org/named-placeholders set size:17099 disposed:false
121 silly fetch manifest @prisma/studio-core@0.8.2
122 silly packumentCache full:https://registry.npmjs.org/@prisma%2fstudio-core cache-miss
123 http fetch GET 200 https://registry.npmjs.org/seq-queue 94ms (cache revalidated)
124 silly packumentCache full:https://registry.npmjs.org/seq-queue set size:10958 disposed:false
125 http fetch GET 200 https://registry.npmjs.org/sqlstring 98ms (cache revalidated)
126 silly packumentCache full:https://registry.npmjs.org/sqlstring set size:31678 disposed:false
127 http fetch GET 200 https://registry.npmjs.org/postgres 92ms (cache revalidated)
128 silly packumentCache full:https://registry.npmjs.org/postgres set size:180764 disposed:false
129 http fetch GET 200 https://registry.npmjs.org/@prisma%2fdev 120ms (cache revalidated)
130 silly packumentCache full:https://registry.npmjs.org/@prisma%2fdev set size:2146439 disposed:false
131 http fetch GET 200 https://registry.npmjs.org/@prisma%2fconfig 176ms (cache revalidated)
132 silly packumentCache full:https://registry.npmjs.org/@prisma%2fconfig set size:3039670 disposed:false
133 http fetch GET 200 https://registry.npmjs.org/@prisma%2fstudio-core 217ms (cache revalidated)
134 silly packumentCache full:https://registry.npmjs.org/@prisma%2fstudio-core set size:5932180 disposed:false
135 http fetch GET 200 https://registry.npmjs.org/@prisma%2fengines 355ms (cache revalidated)
136 silly packumentCache full:https://registry.npmjs.org/@prisma%2fengines set size:21045861 disposed:false
137 silly placeDep ROOT @standard-schema/utils@0.3.0 OK for: @hookform/resolvers@5.2.2 want: ^0.3.0
138 silly placeDep ROOT @prisma/client-runtime-utils@7.0.1 OK for: @prisma/client@7.0.1 want: 7.0.1
139 silly placeDep ROOT aws-ssl-profiles@1.1.2 OK for: mysql2@3.15.3 want: ^1.1.1
140 silly placeDep ROOT denque@2.1.0 OK for: mysql2@3.15.3 want: ^2.1.0
141 silly placeDep ROOT generate-function@2.3.1 OK for: mysql2@3.15.3 want: ^2.3.1
142 silly placeDep ROOT iconv-lite@0.7.0 OK for: mysql2@3.15.3 want: ^0.7.0
143 silly placeDep ROOT long@5.3.2 OK for: mysql2@3.15.3 want: ^5.2.1
144 silly placeDep ROOT lru.min@1.1.3 OK for: mysql2@3.15.3 want: ^1.0.0
145 silly placeDep ROOT named-placeholders@1.1.3 OK for: mysql2@3.15.3 want: ^1.1.3
146 silly placeDep ROOT seq-queue@0.0.5 OK for: mysql2@3.15.3 want: ^0.0.5
147 silly placeDep ROOT sqlstring@2.3.3 OK for: mysql2@3.15.3 want: ^2.3.2
148 silly fetch manifest is-property@^1.0.2
149 silly packumentCache full:https://registry.npmjs.org/is-property cache-miss
150 silly fetch manifest safer-buffer@>= 2.1.2 < 3.0.0
151 silly packumentCache full:https://registry.npmjs.org/safer-buffer cache-miss
152 silly fetch manifest lru-cache@^7.14.1
153 silly packumentCache full:https://registry.npmjs.org/lru-cache cache-miss
154 http fetch GET 200 https://registry.npmjs.org/lru-cache 72ms (cache revalidated)
155 silly packumentCache full:https://registry.npmjs.org/lru-cache set size:406394 disposed:false
156 http fetch GET 200 https://registry.npmjs.org/is-property 91ms (cache revalidated)
157 silly packumentCache full:https://registry.npmjs.org/is-property set size:6745 disposed:false
158 http fetch GET 200 https://registry.npmjs.org/safer-buffer 91ms (cache revalidated)
159 silly packumentCache full:https://registry.npmjs.org/safer-buffer set size:18521 disposed:false
160 silly placeDep ROOT is-property@1.0.2 OK for: generate-function@2.3.1 want: ^1.0.2
161 silly placeDep ROOT safer-buffer@2.1.2 OK for: iconv-lite@0.7.0 want: >= 2.1.2 < 3.0.0
162 silly placeDep node_modules/named-placeholders lru-cache@7.18.3 OK for: named-placeholders@1.1.3 want: ^7.14.1
163 silly fetch manifest @types/react@^18.0.0 || ^19.0.0
164 silly packumentCache full:https://registry.npmjs.org/@types%2freact cache-miss
165 http fetch GET 200 https://registry.npmjs.org/@types%2freact 101ms (cache revalidated)
166 silly packumentCache full:https://registry.npmjs.org/@types%2freact set size:2541992 disposed:false
167 silly fetch manifest react@^18.0.0 || ^19.0.0
168 silly packumentCache full:https://registry.npmjs.org/react cache-miss
169 http cache https://registry.npmjs.org/react 34ms (cache hit)
170 silly packumentCache full:https://registry.npmjs.org/react set size:6287832 disposed:false
171 silly fetch manifest react-dom@^18.0.0 || ^19.0.0
172 silly packumentCache full:https://registry.npmjs.org/react-dom cache-miss
173 http fetch GET 200 https://registry.npmjs.org/react-dom 123ms (cache revalidated)
174 silly packumentCache full:https://registry.npmjs.org/react-dom set size:8246867 disposed:false
175 silly placeDep ROOT @prisma/config@7.0.1 OK for: prisma@7.0.1 want: 7.0.1
176 silly placeDep ROOT @prisma/dev@0.13.0 OK for: prisma@7.0.1 want: 0.13.0
177 silly placeDep ROOT @prisma/engines@7.0.1 OK for: prisma@7.0.1 want: 7.0.1
178 silly placeDep ROOT @prisma/studio-core@0.8.2 OK for: prisma@7.0.1 want: 0.8.2
179 silly placeDep ROOT postgres@3.4.7 OK for: prisma@7.0.1 want: 3.4.7
180 silly fetch manifest c12@3.1.0
181 silly packumentCache full:https://registry.npmjs.org/c12 cache-miss
182 silly fetch manifest effect@3.18.4
183 silly packumentCache full:https://registry.npmjs.org/effect cache-miss
184 silly fetch manifest empathic@2.0.0
185 silly packumentCache full:https://registry.npmjs.org/empathic cache-miss
186 silly fetch manifest deepmerge-ts@7.1.5
187 silly packumentCache full:https://registry.npmjs.org/deepmerge-ts cache-miss
188 silly fetch manifest hono@4.7.10
189 silly packumentCache full:https://registry.npmjs.org/hono cache-miss
190 silly fetch manifest pathe@2.0.3
191 silly packumentCache full:https://registry.npmjs.org/pathe cache-miss
192 silly fetch manifest remeda@2.21.3
193 silly packumentCache full:https://registry.npmjs.org/remeda cache-miss
194 http fetch GET 200 https://registry.npmjs.org/c12 104ms (cache revalidated)
195 silly packumentCache full:https://registry.npmjs.org/c12 set size:168303 disposed:false
196 silly fetch manifest std-env@3.9.0
197 silly packumentCache full:https://registry.npmjs.org/std-env cache-miss
198 http fetch GET 200 https://registry.npmjs.org/empathic 110ms (cache revalidated)
199 silly packumentCache full:https://registry.npmjs.org/empathic set size:18290 disposed:false
200 silly fetch manifest valibot@1.1.0
201 silly packumentCache full:https://registry.npmjs.org/valibot cache-miss
202 http fetch GET 200 https://registry.npmjs.org/pathe 112ms (cache revalidated)
203 silly packumentCache full:https://registry.npmjs.org/pathe set size:68788 disposed:false
204 silly fetch manifest zeptomatch@2.0.2
205 silly packumentCache full:https://registry.npmjs.org/zeptomatch cache-miss
206 http fetch GET 200 https://registry.npmjs.org/deepmerge-ts 117ms (cache revalidated)
207 silly packumentCache full:https://registry.npmjs.org/deepmerge-ts set size:334522 disposed:false
208 silly fetch manifest get-port-please@3.1.2
209 silly packumentCache full:https://registry.npmjs.org/get-port-please cache-miss
210 http fetch GET 200 https://registry.npmjs.org/remeda 127ms (cache revalidated)
211 silly packumentCache full:https://registry.npmjs.org/remeda set size:750980 disposed:false
212 silly fetch manifest proper-lockfile@4.1.2
213 silly packumentCache full:https://registry.npmjs.org/proper-lockfile cache-miss
214 http fetch GET 200 https://registry.npmjs.org/hono 156ms (cache revalidated)
215 silly packumentCache full:https://registry.npmjs.org/hono set size:5101739 disposed:false
216 silly fetch manifest foreground-child@3.3.1
217 silly packumentCache full:https://registry.npmjs.org/foreground-child cache-miss
218 http fetch GET 200 https://registry.npmjs.org/effect 277ms (cache revalidated)
219 silly packumentCache full:https://registry.npmjs.org/effect set size:9223901 disposed:false
220 silly fetch manifest @hono/node-server@1.14.2
221 silly packumentCache full:https://registry.npmjs.org/@hono%2fnode-server cache-miss
222 http fetch GET 200 https://registry.npmjs.org/zeptomatch 299ms (cache revalidated)
223 silly packumentCache full:https://registry.npmjs.org/zeptomatch set size:30766 disposed:false
224 silly fetch manifest http-status-codes@2.3.0
225 silly packumentCache full:https://registry.npmjs.org/http-status-codes cache-miss
226 http fetch GET 200 https://registry.npmjs.org/proper-lockfile 275ms (cache revalidated)
227 silly packumentCache full:https://registry.npmjs.org/proper-lockfile set size:82421 disposed:false
228 silly fetch manifest @mrleebo/prisma-ast@0.12.1
229 silly packumentCache full:https://registry.npmjs.org/@mrleebo%2fprisma-ast cache-miss
230 http fetch GET 200 https://registry.npmjs.org/get-port-please 294ms (cache revalidated)
231 silly packumentCache full:https://registry.npmjs.org/get-port-please set size:58285 disposed:false
232 silly fetch manifest @electric-sql/pglite@0.3.2
233 silly packumentCache full:https://registry.npmjs.org/@electric-sql%2fpglite cache-miss
234 http fetch GET 200 https://registry.npmjs.org/valibot 311ms (cache revalidated)
235 silly packumentCache full:https://registry.npmjs.org/valibot set size:244818 disposed:false
236 silly fetch manifest @prisma/get-platform@6.8.2
237 silly packumentCache full:https://registry.npmjs.org/@prisma%2fget-platform cache-miss
238 http fetch GET 200 https://registry.npmjs.org/std-env 318ms (cache revalidated)
239 silly packumentCache full:https://registry.npmjs.org/std-env set size:81342 disposed:false
240 silly fetch manifest @electric-sql/pglite-tools@0.2.7
241 silly packumentCache full:https://registry.npmjs.org/@electric-sql%2fpglite-tools cache-miss
242 http fetch GET 200 https://registry.npmjs.org/foreground-child 240ms (cache revalidated)
243 silly packumentCache full:https://registry.npmjs.org/foreground-child set size:59344 disposed:false
244 silly fetch manifest @electric-sql/pglite-socket@0.0.6
245 silly packumentCache full:https://registry.npmjs.org/@electric-sql%2fpglite-socket cache-miss
246 http fetch GET 200 https://registry.npmjs.org/http-status-codes 84ms (cache revalidated)
247 silly packumentCache full:https://registry.npmjs.org/http-status-codes set size:254658 disposed:false
248 silly fetch manifest @prisma/query-plan-executor@6.18.0
249 silly packumentCache full:https://registry.npmjs.org/@prisma%2fquery-plan-executor cache-miss
250 http fetch GET 200 https://registry.npmjs.org/@hono%2fnode-server 115ms (cache revalidated)
251 silly packumentCache full:https://registry.npmjs.org/@hono%2fnode-server set size:209972 disposed:false
252 silly fetch manifest @prisma/debug@7.0.1
253 silly packumentCache full:https://registry.npmjs.org/@prisma%2fdebug cache-miss
254 http fetch GET 200 https://registry.npmjs.org/@electric-sql%2fpglite-tools 104ms (cache revalidated)
255 silly packumentCache full:https://registry.npmjs.org/@electric-sql%2fpglite-tools set size:50333 disposed:false
256 silly fetch manifest @prisma/fetch-engine@7.0.1
257 silly packumentCache full:https://registry.npmjs.org/@prisma%2ffetch-engine cache-miss
258 http fetch GET 200 https://registry.npmjs.org/@electric-sql%2fpglite 123ms (cache revalidated)
259 silly packumentCache full:https://registry.npmjs.org/@electric-sql%2fpglite set size:256644 disposed:false
260 silly fetch manifest @prisma/get-platform@7.0.1
261 silly packumentCache full:https://registry.npmjs.org/@prisma%2fget-platform cache-miss
262 http fetch GET 200 https://registry.npmjs.org/@mrleebo%2fprisma-ast 135ms (cache revalidated)
263 silly packumentCache full:https://registry.npmjs.org/@mrleebo%2fprisma-ast set size:138678 disposed:false
264 silly fetch manifest @prisma/engines-version@7.1.0-2.f09f2815f091dbba658cdcd2264306d88bb5bda6
265 silly packumentCache full:https://registry.npmjs.org/@prisma%2fengines-version cache-miss
266 http fetch GET 200 https://registry.npmjs.org/@prisma%2fget-platform 207ms (cache revalidated)
267 silly packumentCache full:https://registry.npmjs.org/@prisma%2fget-platform set size:27667230 disposed:false
268 http fetch GET 200 https://registry.npmjs.org/@electric-sql%2fpglite-socket 532ms (cache revalidated)
269 silly packumentCache full:https://registry.npmjs.org/@electric-sql%2fpglite-socket set size:55635 disposed:false
270 http fetch GET 200 https://registry.npmjs.org/@prisma%2fquery-plan-executor 498ms (cache revalidated)
271 silly packumentCache full:https://registry.npmjs.org/@prisma%2fquery-plan-executor set size:820920 disposed:false
272 http cache https://registry.npmjs.org/@prisma%2fget-platform 544ms (cache hit)
273 silly packumentCache full:https://registry.npmjs.org/@prisma%2fget-platform set size:27667230 disposed:false
274 http fetch GET 200 https://registry.npmjs.org/@prisma%2fdebug 1009ms (cache revalidated)
275 silly packumentCache full:https://registry.npmjs.org/@prisma%2fdebug set size:28022137 disposed:false
276 http fetch GET 200 https://registry.npmjs.org/@prisma%2ffetch-engine 1466ms (cache revalidated)
277 silly packumentCache full:https://registry.npmjs.org/@prisma%2ffetch-engine set size:31502936 disposed:false
278 http fetch GET 200 https://registry.npmjs.org/@prisma%2fengines-version 1869ms (cache revalidated)
279 silly packumentCache full:https://registry.npmjs.org/@prisma%2fengines-version set size:9740894 disposed:false
280 silly fetch manifest magicast@^0.3.5
281 silly packumentCache full:https://registry.npmjs.org/magicast cache-miss
282 http fetch GET 200 https://registry.npmjs.org/magicast 91ms (cache revalidated)
283 silly packumentCache full:https://registry.npmjs.org/magicast set size:77706 disposed:false
284 silly placeDep ROOT c12@3.1.0 OK for: @prisma/config@7.0.1 want: 3.1.0
285 silly placeDep ROOT deepmerge-ts@7.1.5 OK for: @prisma/config@7.0.1 want: 7.1.5
286 silly placeDep ROOT effect@3.18.4 OK for: @prisma/config@7.0.1 want: 3.18.4
287 silly placeDep ROOT empathic@2.0.0 OK for: @prisma/config@7.0.1 want: 2.0.0
288 silly fetch manifest rc9@^2.1.2
289 silly packumentCache full:https://registry.npmjs.org/rc9 cache-miss
290 silly fetch manifest defu@^6.1.4
291 silly packumentCache full:https://registry.npmjs.org/defu cache-miss
292 silly fetch manifest giget@^2.0.0
293 silly packumentCache full:https://registry.npmjs.org/giget cache-miss
294 silly fetch manifest ohash@^2.0.11
295 silly packumentCache full:https://registry.npmjs.org/ohash cache-miss
296 silly fetch manifest pathe@^2.0.3
297 silly packumentCache full:https://registry.npmjs.org/pathe cache-hit
298 silly fetch manifest dotenv@^16.6.1
299 silly packumentCache full:https://registry.npmjs.org/dotenv cache-hit
300 silly fetch manifest confbox@^0.2.2
301 silly packumentCache full:https://registry.npmjs.org/confbox cache-miss
302 silly fetch manifest exsolve@^1.0.7
303 silly packumentCache full:https://registry.npmjs.org/exsolve cache-miss
304 silly fetch manifest chokidar@^4.0.3
305 silly packumentCache full:https://registry.npmjs.org/chokidar cache-miss
306 http fetch GET 200 https://registry.npmjs.org/giget 80ms (cache revalidated)
307 silly packumentCache full:https://registry.npmjs.org/giget set size:84383 disposed:false
308 silly fetch manifest pkg-types@^2.2.0
309 silly packumentCache full:https://registry.npmjs.org/pkg-types cache-miss
310 http fetch GET 200 https://registry.npmjs.org/defu 93ms (cache revalidated)
311 silly packumentCache full:https://registry.npmjs.org/defu set size:85562 disposed:false
312 silly fetch manifest perfect-debounce@^1.0.0
313 silly packumentCache full:https://registry.npmjs.org/perfect-debounce cache-miss
314 http fetch GET 200 https://registry.npmjs.org/confbox 95ms (cache revalidated)
315 silly packumentCache full:https://registry.npmjs.org/confbox set size:39784 disposed:false
316 silly fetch manifest fast-check@^3.23.1
317 silly packumentCache full:https://registry.npmjs.org/fast-check cache-miss
318 http fetch GET 200 https://registry.npmjs.org/chokidar 95ms (cache revalidated)
319 silly packumentCache full:https://registry.npmjs.org/chokidar set size:255902 disposed:false
320 silly fetch manifest @standard-schema/spec@^1.0.0
321 silly packumentCache full:https://registry.npmjs.org/@standard-schema%2fspec cache-miss
322 http fetch GET 200 https://registry.npmjs.org/rc9 108ms (cache revalidated)
323 silly packumentCache full:https://registry.npmjs.org/rc9 set size:62453 disposed:false
324 http fetch GET 200 https://registry.npmjs.org/exsolve 108ms (cache revalidated)
325 silly packumentCache full:https://registry.npmjs.org/exsolve set size:56620 disposed:false
326 http fetch GET 200 https://registry.npmjs.org/ohash 119ms (cache revalidated)
327 silly packumentCache full:https://registry.npmjs.org/ohash set size:69122 disposed:false
328 http fetch GET 200 https://registry.npmjs.org/pkg-types 98ms (cache revalidated)
329 silly packumentCache full:https://registry.npmjs.org/pkg-types set size:85931 disposed:false
330 http fetch GET 200 https://registry.npmjs.org/perfect-debounce 94ms (cache revalidated)
331 silly packumentCache full:https://registry.npmjs.org/perfect-debounce set size:26157 disposed:false
332 http fetch GET 200 https://registry.npmjs.org/fast-check 97ms (cache revalidated)
333 silly packumentCache full:https://registry.npmjs.org/fast-check set size:906772 disposed:false
334 http fetch GET 200 https://registry.npmjs.org/@standard-schema%2fspec 106ms (cache revalidated)
335 silly packumentCache full:https://registry.npmjs.org/@standard-schema%2fspec set size:34537 disposed:false
336 silly fetch manifest typescript@>=5
337 silly packumentCache full:https://registry.npmjs.org/typescript cache-miss
338 http cache https://registry.npmjs.org/typescript 68ms (cache hit)
339 silly packumentCache full:https://registry.npmjs.org/typescript set size:14960441 disposed:false
340 silly placeDep ROOT @electric-sql/pglite@0.3.2 OK for: @prisma/dev@0.13.0 want: 0.3.2
341 silly placeDep ROOT @electric-sql/pglite-socket@0.0.6 OK for: @prisma/dev@0.13.0 want: 0.0.6
342 silly placeDep ROOT @electric-sql/pglite-tools@0.2.7 OK for: @prisma/dev@0.13.0 want: 0.2.7
343 silly placeDep ROOT @hono/node-server@1.14.2 OK for: @prisma/dev@0.13.0 want: 1.14.2
344 silly placeDep ROOT hono@4.7.10 OK for: @hono/node-server@1.14.2 want: ^4
345 silly placeDep ROOT @mrleebo/prisma-ast@0.12.1 OK for: @prisma/dev@0.13.0 want: 0.12.1
346 silly placeDep ROOT @prisma/get-platform@6.8.2 OK for: @prisma/dev@0.13.0 want: 6.8.2
347 silly placeDep ROOT @prisma/query-plan-executor@6.18.0 OK for: @prisma/dev@0.13.0 want: 6.18.0
348 silly placeDep ROOT foreground-child@3.3.1 OK for: @prisma/dev@0.13.0 want: 3.3.1
349 silly placeDep ROOT get-port-please@3.1.2 OK for: @prisma/dev@0.13.0 want: 3.1.2
350 silly placeDep ROOT http-status-codes@2.3.0 OK for: @prisma/dev@0.13.0 want: 2.3.0
351 silly placeDep ROOT pathe@2.0.3 OK for: @prisma/dev@0.13.0 want: 2.0.3
352 silly placeDep ROOT proper-lockfile@4.1.2 OK for: @prisma/dev@0.13.0 want: 4.1.2
353 silly placeDep ROOT remeda@2.21.3 OK for: @prisma/dev@0.13.0 want: 2.21.3
354 silly placeDep ROOT std-env@3.9.0 OK for: @prisma/dev@0.13.0 want: 3.9.0
355 silly placeDep ROOT valibot@1.1.0 OK for: @prisma/dev@0.13.0 want: 1.1.0
356 silly placeDep ROOT zeptomatch@2.0.2 OK for: @prisma/dev@0.13.0 want: 2.0.2
357 silly fetch manifest lilconfig@^2.1.0
358 silly packumentCache full:https://registry.npmjs.org/lilconfig cache-miss
359 silly fetch manifest chevrotain@^10.5.0
360 silly packumentCache full:https://registry.npmjs.org/chevrotain cache-miss
361 silly fetch manifest @prisma/debug@6.8.2
362 silly packumentCache full:https://registry.npmjs.org/@prisma%2fdebug cache-miss
363 silly fetch manifest signal-exit@^4.0.1
364 silly packumentCache full:https://registry.npmjs.org/signal-exit cache-miss
365 silly fetch manifest retry@^0.12.0
366 silly packumentCache full:https://registry.npmjs.org/retry cache-miss
367 silly fetch manifest signal-exit@^3.0.2
368 silly packumentCache full:https://registry.npmjs.org/signal-exit cache-miss
369 silly fetch manifest type-fest@^4.39.1
370 silly packumentCache full:https://registry.npmjs.org/type-fest cache-miss
371 http cache https://registry.npmjs.org/@prisma%2fdebug 134ms (cache hit)
372 silly packumentCache full:https://registry.npmjs.org/@prisma%2fdebug set size:28022137 disposed:false
373 silly fetch manifest grammex@^3.1.10
374 silly packumentCache full:https://registry.npmjs.org/grammex cache-miss
375 http fetch GET 200 https://registry.npmjs.org/signal-exit 490ms (cache revalidated)
376 silly packumentCache full:https://registry.npmjs.org/signal-exit set size:53489 disposed:false
377 http fetch GET 200 https://registry.npmjs.org/signal-exit 492ms (cache revalidated)
378 silly packumentCache full:https://registry.npmjs.org/signal-exit set size:53489 disposed:false
379 silly packumentCache full:https://registry.npmjs.org/signal-exit dispose
380 http fetch GET 200 https://registry.npmjs.org/lilconfig 495ms (cache revalidated)
381 silly packumentCache full:https://registry.npmjs.org/lilconfig set size:45636 disposed:false
382 http fetch GET 200 https://registry.npmjs.org/retry 496ms (cache revalidated)
383 silly packumentCache full:https://registry.npmjs.org/retry set size:31161 disposed:false
384 http fetch GET 200 https://registry.npmjs.org/chevrotain 500ms (cache revalidated)
385 silly packumentCache full:https://registry.npmjs.org/chevrotain set size:667491 disposed:false
386 http fetch GET 200 https://registry.npmjs.org/type-fest 509ms (cache revalidated)
387 silly packumentCache full:https://registry.npmjs.org/type-fest set size:537481 disposed:false
388 http fetch GET 200 https://registry.npmjs.org/grammex 124ms (cache revalidated)
389 silly packumentCache full:https://registry.npmjs.org/grammex set size:48287 disposed:false
390 silly placeDep ROOT chevrotain@10.5.0 OK for: @mrleebo/prisma-ast@0.12.1 want: ^10.5.0
391 silly placeDep ROOT lilconfig@2.1.0 OK for: @mrleebo/prisma-ast@0.12.1 want: ^2.1.0
392 silly fetch manifest @chevrotain/cst-dts-gen@10.5.0
393 silly packumentCache full:https://registry.npmjs.org/@chevrotain%2fcst-dts-gen cache-miss
394 silly fetch manifest @chevrotain/gast@10.5.0
395 silly packumentCache full:https://registry.npmjs.org/@chevrotain%2fgast cache-miss
396 silly fetch manifest @chevrotain/types@10.5.0
397 silly packumentCache full:https://registry.npmjs.org/@chevrotain%2ftypes cache-miss
398 silly fetch manifest @chevrotain/utils@10.5.0
399 silly packumentCache full:https://registry.npmjs.org/@chevrotain%2futils cache-miss
400 silly fetch manifest lodash@4.17.21
401 silly packumentCache full:https://registry.npmjs.org/lodash cache-miss
402 silly fetch manifest regexp-to-ast@0.5.0
403 silly packumentCache full:https://registry.npmjs.org/regexp-to-ast cache-miss
404 http fetch GET 200 https://registry.npmjs.org/lodash 68ms (cache revalidated)
405 silly packumentCache full:https://registry.npmjs.org/lodash set size:242470 disposed:false
406 http fetch GET 200 https://registry.npmjs.org/@chevrotain%2fgast 81ms (cache revalidated)
407 silly packumentCache full:https://registry.npmjs.org/@chevrotain%2fgast set size:33762 disposed:false
408 http fetch GET 200 https://registry.npmjs.org/regexp-to-ast 81ms (cache revalidated)
409 silly packumentCache full:https://registry.npmjs.org/regexp-to-ast set size:44609 disposed:false
410 http fetch GET 200 https://registry.npmjs.org/@chevrotain%2fcst-dts-gen 89ms (cache revalidated)
411 silly packumentCache full:https://registry.npmjs.org/@chevrotain%2fcst-dts-gen set size:39246 disposed:false
412 http fetch GET 200 https://registry.npmjs.org/@chevrotain%2ftypes 93ms (cache revalidated)
413 silly packumentCache full:https://registry.npmjs.org/@chevrotain%2ftypes set size:47585 disposed:false
414 http fetch GET 200 https://registry.npmjs.org/@chevrotain%2futils 95ms (cache revalidated)
415 silly packumentCache full:https://registry.npmjs.org/@chevrotain%2futils set size:41745 disposed:false
416 silly placeDep ROOT @prisma/debug@7.0.1 OK for: @prisma/engines@7.0.1 want: 7.0.1
417 silly placeDep ROOT @prisma/engines-version@7.1.0-2.f09f2815f091dbba658cdcd2264306d88bb5bda6 OK for: @prisma/engines@7.0.1 want: 7.1.0-2.f09f2815f091dbba658cdcd2264306d88bb5bda6
418 silly placeDep ROOT @prisma/fetch-engine@7.0.1 OK for: @prisma/engines@7.0.1 want: 7.0.1
419 silly placeDep node_modules/@prisma/engines @prisma/get-platform@7.0.1 OK for: @prisma/engines@7.0.1 want: 7.0.1
420 silly placeDep node_modules/@prisma/fetch-engine @prisma/get-platform@7.0.1 OK for: @prisma/fetch-engine@7.0.1 want: 7.0.1
421 silly placeDep node_modules/@prisma/get-platform @prisma/debug@6.8.2 OK for: @prisma/get-platform@6.8.2 want: 6.8.2
422 silly placeDep ROOT chokidar@4.0.3 OK for: c12@3.1.0 want: ^4.0.3
423 silly placeDep ROOT confbox@0.2.2 OK for: c12@3.1.0 want: ^0.2.2
424 silly placeDep ROOT defu@6.1.4 OK for: c12@3.1.0 want: ^6.1.4
425 silly placeDep node_modules/c12 dotenv@16.6.1 OK for: c12@3.1.0 want: ^16.6.1
426 silly placeDep ROOT exsolve@1.0.8 OK for: c12@3.1.0 want: ^1.0.7
427 silly placeDep ROOT giget@2.0.0 OK for: c12@3.1.0 want: ^2.0.0
428 silly placeDep ROOT ohash@2.0.11 OK for: c12@3.1.0 want: ^2.0.11
429 silly placeDep ROOT perfect-debounce@1.0.0 OK for: c12@3.1.0 want: ^1.0.0
430 silly placeDep ROOT pkg-types@2.3.0 OK for: c12@3.1.0 want: ^2.2.0
431 silly placeDep ROOT rc9@2.1.2 OK for: c12@3.1.0 want: ^2.1.2
432 silly fetch manifest readdirp@^4.0.1
433 silly packumentCache full:https://registry.npmjs.org/readdirp cache-miss
434 silly fetch manifest citty@^0.1.6
435 silly packumentCache full:https://registry.npmjs.org/citty cache-miss
436 silly fetch manifest consola@^3.4.0
437 silly packumentCache full:https://registry.npmjs.org/consola cache-miss
438 silly fetch manifest node-fetch-native@^1.6.6
439 silly packumentCache full:https://registry.npmjs.org/node-fetch-native cache-miss
440 silly fetch manifest nypm@^0.6.0
441 silly packumentCache full:https://registry.npmjs.org/nypm cache-miss
442 silly fetch manifest destr@^2.0.3
443 silly packumentCache full:https://registry.npmjs.org/destr cache-miss
444 http fetch GET 200 https://registry.npmjs.org/readdirp 69ms (cache revalidated)
445 silly packumentCache full:https://registry.npmjs.org/readdirp set size:107589 disposed:false
446 http fetch GET 200 https://registry.npmjs.org/nypm 72ms (cache revalidated)
447 silly packumentCache full:https://registry.npmjs.org/nypm set size:75706 disposed:false
448 http fetch GET 200 https://registry.npmjs.org/citty 75ms (cache revalidated)
449 silly packumentCache full:https://registry.npmjs.org/citty set size:28597 disposed:false
450 http fetch GET 200 https://registry.npmjs.org/node-fetch-native 75ms (cache revalidated)
451 silly packumentCache full:https://registry.npmjs.org/node-fetch-native set size:114626 disposed:false
452 http fetch GET 200 https://registry.npmjs.org/destr 84ms (cache revalidated)
453 silly packumentCache full:https://registry.npmjs.org/destr set size:65344 disposed:false
454 http fetch GET 200 https://registry.npmjs.org/consola 153ms (cache revalidated)
455 silly packumentCache full:https://registry.npmjs.org/consola set size:324648 disposed:false
456 silly placeDep ROOT @chevrotain/cst-dts-gen@10.5.0 OK for: chevrotain@10.5.0 want: 10.5.0
457 silly placeDep ROOT @chevrotain/gast@10.5.0 OK for: chevrotain@10.5.0 want: 10.5.0
458 silly placeDep ROOT @chevrotain/types@10.5.0 OK for: chevrotain@10.5.0 want: 10.5.0
459 silly placeDep ROOT @chevrotain/utils@10.5.0 OK for: chevrotain@10.5.0 want: 10.5.0
460 silly placeDep ROOT lodash@4.17.21 OK for: chevrotain@10.5.0 want: 4.17.21
461 silly placeDep ROOT regexp-to-ast@0.5.0 OK for: chevrotain@10.5.0 want: 0.5.0
462 silly placeDep ROOT readdirp@4.1.2 OK for: chokidar@4.0.3 want: ^4.0.1
463 silly placeDep ROOT @standard-schema/spec@1.0.0 OK for: effect@3.18.4 want: ^1.0.0
464 silly placeDep ROOT fast-check@3.23.2 OK for: effect@3.18.4 want: ^3.23.1
465 silly fetch manifest pure-rand@^6.1.0
466 silly packumentCache full:https://registry.npmjs.org/pure-rand cache-miss
467 http fetch GET 200 https://registry.npmjs.org/pure-rand 62ms (cache revalidated)
468 silly packumentCache full:https://registry.npmjs.org/pure-rand set size:165525 disposed:false
469 silly placeDep ROOT pure-rand@6.1.0 OK for: fast-check@3.23.2 want: ^6.1.0
470 silly placeDep ROOT signal-exit@4.1.0 OK for: foreground-child@3.3.1 want: ^4.0.1
471 silly placeDep ROOT citty@0.1.6 OK for: giget@2.0.0 want: ^0.1.6
472 silly placeDep ROOT consola@3.4.2 OK for: giget@2.0.0 want: ^3.4.0
473 silly placeDep ROOT node-fetch-native@1.6.7 OK for: giget@2.0.0 want: ^1.6.6
474 silly placeDep ROOT nypm@0.6.2 OK for: giget@2.0.0 want: ^0.6.0
475 silly fetch manifest consola@^3.2.3
476 silly packumentCache full:https://registry.npmjs.org/consola cache-hit
477 silly fetch manifest tinyexec@^1.0.1
478 silly packumentCache full:https://registry.npmjs.org/tinyexec cache-miss
479 http fetch GET 200 https://registry.npmjs.org/tinyexec 68ms (cache revalidated)
480 silly packumentCache full:https://registry.npmjs.org/tinyexec set size:38584 disposed:false
481 silly placeDep ROOT tinyexec@1.0.2 OK for: nypm@0.6.2 want: ^1.0.1
482 silly placeDep ROOT retry@0.12.0 OK for: proper-lockfile@4.1.2 want: ^0.12.0
483 silly placeDep node_modules/proper-lockfile signal-exit@3.0.7 OK for: proper-lockfile@4.1.2 want: ^3.0.2
484 silly placeDep ROOT destr@2.0.5 OK for: rc9@2.1.2 want: ^2.0.3
485 silly placeDep ROOT type-fest@4.41.0 OK for: remeda@2.21.3 want: ^4.39.1
486 silly placeDep ROOT grammex@3.1.12 OK for: zeptomatch@2.0.2 want: ^3.1.10
487 silly reify moves {}
488 silly audit bulk request {
488 silly audit   '@alloc/quick-lru': [ '5.2.0' ],
488 silly audit   '@babel/code-frame': [ '7.27.1' ],
488 silly audit   '@babel/compat-data': [ '7.28.5' ],
488 silly audit   '@babel/core': [ '7.28.5' ],
488 silly audit   '@babel/generator': [ '7.28.5' ],
488 silly audit   '@babel/helper-compilation-targets': [ '7.27.2' ],
488 silly audit   '@babel/helper-globals': [ '7.28.0' ],
488 silly audit   '@babel/helper-module-imports': [ '7.27.1' ],
488 silly audit   '@babel/helper-module-transforms': [ '7.28.3' ],
488 silly audit   '@babel/helper-string-parser': [ '7.27.1' ],
488 silly audit   '@babel/helper-validator-identifier': [ '7.28.5' ],
488 silly audit   '@babel/helper-validator-option': [ '7.27.1' ],
488 silly audit   '@babel/helpers': [ '7.28.4' ],
488 silly audit   '@babel/parser': [ '7.28.5' ],
488 silly audit   '@babel/template': [ '7.27.2' ],
488 silly audit   '@babel/traverse': [ '7.28.5' ],
488 silly audit   '@babel/types': [ '7.28.5' ],
488 silly audit   '@emnapi/core': [ '1.7.1' ],
488 silly audit   '@emnapi/runtime': [ '1.7.1' ],
488 silly audit   '@emnapi/wasi-threads': [ '1.1.0' ],
488 silly audit   '@eslint-community/eslint-utils': [ '4.9.0' ],
488 silly audit   'eslint-visitor-keys': [ '3.4.3', '4.2.1' ],
488 silly audit   '@eslint-community/regexpp': [ '4.12.2' ],
488 silly audit   '@eslint/config-array': [ '0.21.1' ],
488 silly audit   '@eslint/config-helpers': [ '0.4.2' ],
488 silly audit   '@eslint/core': [ '0.17.0' ],
488 silly audit   '@eslint/eslintrc': [ '3.3.3' ],
488 silly audit   '@eslint/js': [ '9.39.1' ],
488 silly audit   '@eslint/object-schema': [ '2.1.7' ],
488 silly audit   '@eslint/plugin-kit': [ '0.4.1' ],
488 silly audit   '@humanfs/core': [ '0.19.1' ],
488 silly audit   '@humanfs/node': [ '0.16.7' ],
488 silly audit   '@humanwhocodes/module-importer': [ '1.0.1' ],
488 silly audit   '@humanwhocodes/retry': [ '0.4.3' ],
488 silly audit   '@img/colour': [ '1.0.0' ],
488 silly audit   '@img/sharp-darwin-arm64': [ '0.34.5' ],
488 silly audit   '@img/sharp-darwin-x64': [ '0.34.5' ],
488 silly audit   '@img/sharp-libvips-darwin-arm64': [ '1.2.4' ],
488 silly audit   '@img/sharp-libvips-darwin-x64': [ '1.2.4' ],
488 silly audit   '@img/sharp-libvips-linux-arm': [ '1.2.4' ],
488 silly audit   '@img/sharp-libvips-linux-arm64': [ '1.2.4' ],
488 silly audit   '@img/sharp-libvips-linux-ppc64': [ '1.2.4' ],
488 silly audit   '@img/sharp-libvips-linux-riscv64': [ '1.2.4' ],
488 silly audit   '@img/sharp-libvips-linux-s390x': [ '1.2.4' ],
488 silly audit   '@img/sharp-libvips-linux-x64': [ '1.2.4' ],
488 silly audit   '@img/sharp-libvips-linuxmusl-arm64': [ '1.2.4' ],
488 silly audit   '@img/sharp-libvips-linuxmusl-x64': [ '1.2.4' ],
488 silly audit   '@img/sharp-linux-arm': [ '0.34.5' ],
488 silly audit   '@img/sharp-linux-arm64': [ '0.34.5' ],
488 silly audit   '@img/sharp-linux-ppc64': [ '0.34.5' ],
488 silly audit   '@img/sharp-linux-riscv64': [ '0.34.5' ],
488 silly audit   '@img/sharp-linux-s390x': [ '0.34.5' ],
488 silly audit   '@img/sharp-linux-x64': [ '0.34.5' ],
488 silly audit   '@img/sharp-linuxmusl-arm64': [ '0.34.5' ],
488 silly audit   '@img/sharp-linuxmusl-x64': [ '0.34.5' ],
488 silly audit   '@img/sharp-wasm32': [ '0.34.5' ],
488 silly audit   '@img/sharp-win32-arm64': [ '0.34.5' ],
488 silly audit   '@img/sharp-win32-ia32': [ '0.34.5' ],
488 silly audit   '@img/sharp-win32-x64': [ '0.34.5' ],
488 silly audit   '@jridgewell/gen-mapping': [ '0.3.13' ],
488 silly audit   '@jridgewell/remapping': [ '2.3.5' ],
488 silly audit   '@jridgewell/resolve-uri': [ '3.1.2' ],
488 silly audit   '@jridgewell/sourcemap-codec': [ '1.5.5' ],
488 silly audit   '@jridgewell/trace-mapping': [ '0.3.31' ],
488 silly audit   '@napi-rs/wasm-runtime': [ '0.2.12' ],
488 silly audit   '@next/env': [ '16.0.6' ],
488 silly audit   '@next/eslint-plugin-next': [ '16.0.6' ],
488 silly audit   '@next/swc-darwin-arm64': [ '16.0.6' ],
488 silly audit   '@next/swc-darwin-x64': [ '16.0.6' ],
488 silly audit   '@next/swc-linux-arm64-gnu': [ '16.0.6' ],
488 silly audit   '@next/swc-linux-arm64-musl': [ '16.0.6' ],
488 silly audit   '@next/swc-linux-x64-gnu': [ '16.0.6' ],
488 silly audit   '@next/swc-linux-x64-musl': [ '16.0.6' ],
488 silly audit   '@next/swc-win32-arm64-msvc': [ '16.0.6' ],
488 silly audit   '@next/swc-win32-x64-msvc': [ '16.0.6' ],
488 silly audit   '@nodelib/fs.scandir': [ '2.1.5' ],
488 silly audit   '@nodelib/fs.stat': [ '2.0.5' ],
488 silly audit   '@nodelib/fs.walk': [ '1.2.8' ],
488 silly audit   '@nolyfill/is-core-module': [ '1.0.39' ],
488 silly audit   '@rtsao/scc': [ '1.1.0' ],
488 silly audit   '@swc/helpers': [ '0.5.15' ],
488 silly audit   '@tailwindcss/node': [ '4.1.17' ],
488 silly audit   '@tailwindcss/oxide': [ '4.1.17' ],
488 silly audit   '@tailwindcss/oxide-android-arm64': [ '4.1.17' ],
488 silly audit   '@tailwindcss/oxide-darwin-arm64': [ '4.1.17' ],
488 silly audit   '@tailwindcss/oxide-darwin-x64': [ '4.1.17' ],
488 silly audit   '@tailwindcss/oxide-freebsd-x64': [ '4.1.17' ],
488 silly audit   '@tailwindcss/oxide-linux-arm-gnueabihf': [ '4.1.17' ],
488 silly audit   '@tailwindcss/oxide-linux-arm64-gnu': [ '4.1.17' ],
488 silly audit   '@tailwindcss/oxide-linux-arm64-musl': [ '4.1.17' ],
488 silly audit   '@tailwindcss/oxide-linux-x64-gnu': [ '4.1.17' ],
488 silly audit   '@tailwindcss/oxide-linux-x64-musl': [ '4.1.17' ],
488 silly audit   '@tailwindcss/oxide-wasm32-wasi': [ '4.1.17' ],
488 silly audit   '@tailwindcss/oxide-win32-arm64-msvc': [ '4.1.17' ],
488 silly audit   '@tailwindcss/oxide-win32-x64-msvc': [ '4.1.17' ],
488 silly audit   '@tailwindcss/postcss': [ '4.1.17' ],
488 silly audit   '@tybys/wasm-util': [ '0.10.1' ],
488 silly audit   '@types/estree': [ '1.0.8' ],
488 silly audit   '@types/json-schema': [ '7.0.15' ],
488 silly audit   '@types/json5': [ '0.0.29' ],
488 silly audit   '@types/node': [ '20.19.25' ],
488 silly audit   '@types/react': [ '19.2.7' ],
488 silly audit   '@types/react-dom': [ '19.2.3' ],
488 silly audit   '@typescript-eslint/eslint-plugin': [ '8.48.0' ],
488 silly audit   ignore: [ '7.0.5', '5.3.2' ],
488 silly audit   '@typescript-eslint/parser': [ '8.48.0' ],
488 silly audit   '@typescript-eslint/project-service': [ '8.48.0' ],
488 silly audit   '@typescript-eslint/scope-manager': [ '8.48.0' ],
488 silly audit   '@typescript-eslint/tsconfig-utils': [ '8.48.0' ],
488 silly audit   '@typescript-eslint/type-utils': [ '8.48.0' ],
488 silly audit   '@typescript-eslint/types': [ '8.48.0' ],
488 silly audit   '@typescript-eslint/typescript-estree': [ '8.48.0' ],
488 silly audit   'brace-expansion': [ '2.0.2', '1.1.12' ],
488 silly audit   minimatch: [ '9.0.5', '3.1.2' ],
488 silly audit   semver: [ '7.7.3', '6.3.1' ],
488 silly audit   '@typescript-eslint/utils': [ '8.48.0' ],
488 silly audit   '@typescript-eslint/visitor-keys': [ '8.48.0' ],
488 silly audit   '@unrs/resolver-binding-android-arm-eabi': [ '1.11.1' ],
488 silly audit   '@unrs/resolver-binding-android-arm64': [ '1.11.1' ],
488 silly audit   '@unrs/resolver-binding-darwin-arm64': [ '1.11.1' ],
488 silly audit   '@unrs/resolver-binding-darwin-x64': [ '1.11.1' ],
488 silly audit   '@unrs/resolver-binding-freebsd-x64': [ '1.11.1' ],
488 silly audit   '@unrs/resolver-binding-linux-arm-gnueabihf': [ '1.11.1' ],
488 silly audit   '@unrs/resolver-binding-linux-arm-musleabihf': [ '1.11.1' ],
488 silly audit   '@unrs/resolver-binding-linux-arm64-gnu': [ '1.11.1' ],
488 silly audit   '@unrs/resolver-binding-linux-arm64-musl': [ '1.11.1' ],
488 silly audit   '@unrs/resolver-binding-linux-ppc64-gnu': [ '1.11.1' ],
488 silly audit   '@unrs/resolver-binding-linux-riscv64-gnu': [ '1.11.1' ],
488 silly audit   '@unrs/resolver-binding-linux-riscv64-musl': [ '1.11.1' ],
488 silly audit   '@unrs/resolver-binding-linux-s390x-gnu': [ '1.11.1' ],
488 silly audit   '@unrs/resolver-binding-linux-x64-gnu': [ '1.11.1' ],
488 silly audit   '@unrs/resolver-binding-linux-x64-musl': [ '1.11.1' ],
488 silly audit   '@unrs/resolver-binding-wasm32-wasi': [ '1.11.1' ],
488 silly audit   '@unrs/resolver-binding-win32-arm64-msvc': [ '1.11.1' ],
488 silly audit   '@unrs/resolver-binding-win32-ia32-msvc': [ '1.11.1' ],
488 silly audit   '@unrs/resolver-binding-win32-x64-msvc': [ '1.11.1' ],
488 silly audit   acorn: [ '8.15.0' ],
488 silly audit   'acorn-jsx': [ '5.3.2' ],
488 silly audit   ajv: [ '6.12.6' ],
488 silly audit   'ansi-styles': [ '4.3.0' ],
488 silly audit   argparse: [ '2.0.1' ],
488 silly audit   'aria-query': [ '5.3.2' ],
488 silly audit   'array-buffer-byte-length': [ '1.0.2' ],
488 silly audit   'array-includes': [ '3.1.9' ],
488 silly audit   'array.prototype.findlast': [ '1.2.5' ],
488 silly audit   'array.prototype.findlastindex': [ '1.2.6' ],
488 silly audit   'array.prototype.flat': [ '1.3.3' ],
488 silly audit   'array.prototype.flatmap': [ '1.3.3' ],
488 silly audit   'array.prototype.tosorted': [ '1.1.4' ],
488 silly audit   'arraybuffer.prototype.slice': [ '1.0.4' ],
488 silly audit   'ast-types-flow': [ '0.0.8' ],
488 silly audit   'async-function': [ '1.0.0' ],
488 silly audit   'available-typed-arrays': [ '1.0.7' ],
488 silly audit   'axe-core': [ '4.11.0' ],
488 silly audit   'axobject-query': [ '4.1.0' ],
488 silly audit   'balanced-match': [ '1.0.2' ],
488 silly audit   'baseline-browser-mapping': [ '2.8.32' ],
488 silly audit   braces: [ '3.0.3' ],
488 silly audit   browserslist: [ '4.28.0' ],
488 silly audit   'call-bind': [ '1.0.8' ],
488 silly audit   'call-bind-apply-helpers': [ '1.0.2' ],
488 silly audit   'call-bound': [ '1.0.4' ],
488 silly audit   callsites: [ '3.1.0' ],
488 silly audit   'caniuse-lite': [ '1.0.30001757' ],
488 silly audit   chalk: [ '4.1.2' ],
488 silly audit   'client-only': [ '0.0.1' ],
488 silly audit   'color-convert': [ '2.0.1' ],
488 silly audit   'color-name': [ '1.1.4' ],
488 silly audit   'concat-map': [ '0.0.1' ],
488 silly audit   'convert-source-map': [ '2.0.0' ],
488 silly audit   'cross-spawn': [ '7.0.6' ],
488 silly audit   csstype: [ '3.2.3' ],
488 silly audit   'damerau-levenshtein': [ '1.0.8' ],
488 silly audit   'data-view-buffer': [ '1.0.2' ],
488 silly audit   'data-view-byte-length': [ '1.0.2' ],
488 silly audit   'data-view-byte-offset': [ '1.0.1' ],
488 silly audit   debug: [ '4.4.3', '3.2.7' ],
488 silly audit   'deep-is': [ '0.1.4' ],
488 silly audit   'define-data-property': [ '1.1.4' ],
488 silly audit   'define-properties': [ '1.2.1' ],
488 silly audit   'detect-libc': [ '2.1.2' ],
488 silly audit   doctrine: [ '2.1.0' ],
488 silly audit   'dunder-proto': [ '1.0.1' ],
488 silly audit   'electron-to-chromium': [ '1.5.262' ],
488 silly audit   'emoji-regex': [ '9.2.2' ],
488 silly audit   'enhanced-resolve': [ '5.18.3' ],
488 silly audit   'es-abstract': [ '1.24.0' ],
488 silly audit   'es-define-property': [ '1.0.1' ],
488 silly audit   'es-errors': [ '1.3.0' ],
488 silly audit   'es-iterator-helpers': [ '1.2.1' ],
488 silly audit   'es-object-atoms': [ '1.1.1' ],
488 silly audit   'es-set-tostringtag': [ '2.1.0' ],
488 silly audit   'es-shim-unscopables': [ '1.1.0' ],
488 silly audit   'es-to-primitive': [ '1.3.0' ],
488 silly audit   escalade: [ '3.2.0' ],
488 silly audit   'escape-string-regexp': [ '4.0.0' ],
488 silly audit   eslint: [ '9.39.1' ],
488 silly audit   'eslint-config-next': [ '16.0.6' ],
488 silly audit   globals: [ '16.4.0', '14.0.0' ],
488 silly audit   'eslint-import-resolver-node': [ '0.3.9' ],
488 silly audit   'eslint-import-resolver-typescript': [ '3.10.1' ],
488 silly audit   'eslint-module-utils': [ '2.12.1' ],
488 silly audit   'eslint-plugin-import': [ '2.32.0' ],
488 silly audit   'eslint-plugin-jsx-a11y': [ '6.10.2' ],
488 silly audit   'eslint-plugin-react': [ '7.37.5' ],
488 silly audit   'eslint-plugin-react-hooks': [ '7.0.1' ],
488 silly audit   resolve: [ '2.0.0-next.5', '1.22.11' ],
488 silly audit   'eslint-scope': [ '8.4.0' ],
488 silly audit   espree: [ '10.4.0' ],
488 silly audit   esquery: [ '1.6.0' ],
488 silly audit   esrecurse: [ '4.3.0' ],
488 silly audit   estraverse: [ '5.3.0' ],
488 silly audit   esutils: [ '2.0.3' ],
488 silly audit   'fast-deep-equal': [ '3.1.3' ],
488 silly audit   'fast-glob': [ '3.3.1' ],
488 silly audit   'glob-parent': [ '5.1.2', '6.0.2' ],
488 silly audit   'fast-json-stable-stringify': [ '2.1.0' ],
488 silly audit   'fast-levenshtein': [ '2.0.6' ],
488 silly audit   fastq: [ '1.19.1' ],
488 silly audit   'file-entry-cache': [ '8.0.0' ],
488 silly audit   'fill-range': [ '7.1.1' ],
488 silly audit   'find-up': [ '5.0.0' ],
488 silly audit   'flat-cache': [ '4.0.1' ],
488 silly audit   flatted: [ '3.3.3' ],
488 silly audit   'for-each': [ '0.3.5' ],
488 silly audit   'function-bind': [ '1.1.2' ],
488 silly audit   'function.prototype.name': [ '1.1.8' ],
488 silly audit   'functions-have-names': [ '1.2.3' ],
488 silly audit   'generator-function': [ '2.0.1' ],
488 silly audit   gensync: [ '1.0.0-beta.2' ],
488 silly audit   'get-intrinsic': [ '1.3.0' ],
488 silly audit   'get-proto': [ '1.0.1' ],
488 silly audit   'get-symbol-description': [ '1.1.0' ],
488 silly audit   'get-tsconfig': [ '4.13.0' ],
488 silly audit   globalthis: [ '1.0.4' ],
488 silly audit   gopd: [ '1.2.0' ],
488 silly audit   'graceful-fs': [ '4.2.11' ],
488 silly audit   graphemer: [ '1.4.0' ],
488 silly audit   'has-bigints': [ '1.1.0' ],
488 silly audit   'has-flag': [ '4.0.0' ],
488 silly audit   'has-property-descriptors': [ '1.0.2' ],
488 silly audit   'has-proto': [ '1.2.0' ],
488 silly audit   'has-symbols': [ '1.1.0' ],
488 silly audit   'has-tostringtag': [ '1.0.2' ],
488 silly audit   hasown: [ '2.0.2' ],
488 silly audit   'hermes-estree': [ '0.25.1' ],
488 silly audit   'hermes-parser': [ '0.25.1' ],
488 silly audit   'import-fresh': [ '3.3.1' ],
488 silly audit   imurmurhash: [ '0.1.4' ],
488 silly audit   'internal-slot': [ '1.1.0' ],
488 silly audit   'is-array-buffer': [ '3.0.5' ],
488 silly audit   'is-async-function': [ '2.1.1' ],
488 silly audit   'is-bigint': [ '1.1.0' ],
488 silly audit   'is-boolean-object': [ '1.2.2' ],
488 silly audit   'is-bun-module': [ '2.0.0' ],
488 silly audit   'is-callable': [ '1.2.7' ],
488 silly audit   'is-core-module': [ '2.16.1' ],
488 silly audit   'is-data-view': [ '1.0.2' ],
488 silly audit   'is-date-object': [ '1.1.0' ],
488 silly audit   'is-extglob': [ '2.1.1' ],
488 silly audit   'is-finalizationregistry': [ '1.1.1' ],
488 silly audit   'is-generator-function': [ '1.1.2' ],
488 silly audit   'is-glob': [ '4.0.3' ],
488 silly audit   'is-map': [ '2.0.3' ],
488 silly audit   'is-negative-zero': [ '2.0.3' ],
488 silly audit   'is-number': [ '7.0.0' ],
488 silly audit   'is-number-object': [ '1.1.1' ],
488 silly audit   'is-regex': [ '1.2.1' ],
488 silly audit   'is-set': [ '2.0.3' ],
488 silly audit   'is-shared-array-buffer': [ '1.0.4' ],
488 silly audit   'is-string': [ '1.1.1' ],
488 silly audit   'is-symbol': [ '1.1.1' ],
488 silly audit   'is-typed-array': [ '1.1.15' ],
488 silly audit   'is-weakmap': [ '2.0.2' ],
488 silly audit   'is-weakref': [ '1.1.1' ],
488 silly audit   'is-weakset': [ '2.0.4' ],
488 silly audit   isarray: [ '2.0.5' ],
488 silly audit   isexe: [ '2.0.0' ],
488 silly audit   'iterator.prototype': [ '1.1.5' ],
488 silly audit   jiti: [ '2.6.1' ],
488 silly audit   'js-tokens': [ '4.0.0' ],
488 silly audit   'js-yaml': [ '4.1.1' ],
488 silly audit   jsesc: [ '3.1.0' ],
488 silly audit   'json-buffer': [ '3.0.1' ],
488 silly audit   'json-schema-traverse': [ '0.4.1' ],
488 silly audit   'json-stable-stringify-without-jsonify': [ '1.0.1' ],
488 silly audit   json5: [ '2.2.3', '1.0.2' ],
488 silly audit   'jsx-ast-utils': [ '3.3.5' ],
488 silly audit   keyv: [ '4.5.4' ],
488 silly audit   'language-subtag-registry': [ '0.3.23' ],
488 silly audit   'language-tags': [ '1.0.9' ],
488 silly audit   levn: [ '0.4.1' ],
488 silly audit   lightningcss: [ '1.30.2' ],
488 silly audit   'lightningcss-android-arm64': [ '1.30.2' ],
488 silly audit   'lightningcss-darwin-arm64': [ '1.30.2' ],
488 silly audit   'lightningcss-darwin-x64': [ '1.30.2' ],
488 silly audit   'lightningcss-freebsd-x64': [ '1.30.2' ],
488 silly audit   'lightningcss-linux-arm-gnueabihf': [ '1.30.2' ],
488 silly audit   'lightningcss-linux-arm64-gnu': [ '1.30.2' ],
488 silly audit   'lightningcss-linux-arm64-musl': [ '1.30.2' ],
488 silly audit   'lightningcss-linux-x64-gnu': [ '1.30.2' ],
488 silly audit   'lightningcss-linux-x64-musl': [ '1.30.2' ],
488 silly audit   'lightningcss-win32-arm64-msvc': [ '1.30.2' ],
488 silly audit   'lightningcss-win32-x64-msvc': [ '1.30.2' ],
488 silly audit   'locate-path': [ '6.0.0' ],
488 silly audit   'lodash.merge': [ '4.6.2' ],
488 silly audit   'loose-envify': [ '1.4.0' ],
488 silly audit   'lru-cache': [ '5.1.1', '7.18.3' ],
488 silly audit   'magic-string': [ '0.30.21' ],
488 silly audit   'math-intrinsics': [ '1.1.0' ],
488 silly audit   merge2: [ '1.4.1' ],
488 silly audit   micromatch: [ '4.0.8' ],
488 silly audit   minimist: [ '1.2.8' ],
488 silly audit   ms: [ '2.1.3' ],
488 silly audit   nanoid: [ '3.3.11' ],
488 silly audit   'napi-postinstall': [ '0.3.4' ],
488 silly audit   'natural-compare': [ '1.4.0' ],
488 silly audit   next: [ '16.0.6' ],
488 silly audit   postcss: [ '8.4.31', '8.5.6' ],
488 silly audit   'node-releases': [ '2.0.27' ],
488 silly audit   'object-assign': [ '4.1.1' ],
488 silly audit   'object-inspect': [ '1.13.4' ],
488 silly audit   'object-keys': [ '1.1.1' ],
488 silly audit   'object.assign': [ '4.1.7' ],
488 silly audit   'object.entries': [ '1.1.9' ],
488 silly audit   'object.fromentries': [ '2.0.8' ],
488 silly audit   'object.groupby': [ '1.0.3' ],
488 silly audit   'object.values': [ '1.2.1' ],
488 silly audit   optionator: [ '0.9.4' ],
488 silly audit   'own-keys': [ '1.0.1' ],
488 silly audit   'p-limit': [ '3.1.0' ],
488 silly audit   'p-locate': [ '5.0.0' ],
488 silly audit   'parent-module': [ '1.0.1' ],
488 silly audit   'path-exists': [ '4.0.0' ],
488 silly audit   'path-key': [ '3.1.1' ],
488 silly audit   'path-parse': [ '1.0.7' ],
488 silly audit   picocolors: [ '1.1.1' ],
488 silly audit   picomatch: [ '2.3.1', '4.0.3' ],
488 silly audit   'possible-typed-array-names': [ '1.1.0' ],
488 silly audit   'prelude-ls': [ '1.2.1' ],
488 silly audit   'prop-types': [ '15.8.1' ],
488 silly audit   punycode: [ '2.3.1' ],
488 silly audit   'queue-microtask': [ '1.2.3' ],
488 silly audit   react: [ '19.2.0' ],
488 silly audit   'react-dom': [ '19.2.0' ],
488 silly audit   'react-is': [ '16.13.1' ],
488 silly audit   'reflect.getprototypeof': [ '1.0.10' ],
488 silly audit   'regexp.prototype.flags': [ '1.5.4' ],
488 silly audit   'resolve-from': [ '4.0.0' ],
488 silly audit   'resolve-pkg-maps': [ '1.0.0' ],
488 silly audit   reusify: [ '1.1.0' ],
488 silly audit   'run-parallel': [ '1.2.0' ],
488 silly audit   'safe-array-concat': [ '1.1.3' ],
488 silly audit   'safe-push-apply': [ '1.0.0' ],
488 silly audit   'safe-regex-test': [ '1.1.0' ],
488 silly audit   scheduler: [ '0.27.0' ],
488 silly audit   'set-function-length': [ '1.2.2' ],
488 silly audit   'set-function-name': [ '2.0.2' ],
488 silly audit   'set-proto': [ '1.0.0' ],
488 silly audit   sharp: [ '0.34.5' ],
488 silly audit   'shebang-command': [ '2.0.0' ],
488 silly audit   'shebang-regex': [ '3.0.0' ],
488 silly audit   'side-channel': [ '1.1.0' ],
488 silly audit   'side-channel-list': [ '1.0.0' ],
488 silly audit   'side-channel-map': [ '1.0.1' ],
488 silly audit   'side-channel-weakmap': [ '1.0.2' ],
488 silly audit   'source-map-js': [ '1.2.1' ],
488 silly audit   'stable-hash': [ '0.0.5' ],
488 silly audit   'stop-iteration-iterator': [ '1.1.0' ],
488 silly audit   'string.prototype.includes': [ '2.0.1' ],
488 silly audit   'string.prototype.matchall': [ '4.0.12' ],
488 silly audit   'string.prototype.repeat': [ '1.0.0' ],
488 silly audit   'string.prototype.trim': [ '1.2.10' ],
488 silly audit   'string.prototype.trimend': [ '1.0.9' ],
488 silly audit   'string.prototype.trimstart': [ '1.0.8' ],
488 silly audit   'strip-bom': [ '3.0.0' ],
488 silly audit   'strip-json-comments': [ '3.1.1' ],
488 silly audit   'styled-jsx': [ '5.1.6' ],
488 silly audit   'supports-color': [ '7.2.0' ],
488 silly audit   'supports-preserve-symlinks-flag': [ '1.0.0' ],
488 silly audit   tailwindcss: [ '4.1.17' ],
488 silly audit   tapable: [ '2.3.0' ],
488 silly audit   tinyglobby: [ '0.2.15' ],
488 silly audit   fdir: [ '6.5.0' ],
488 silly audit   'to-regex-range': [ '5.0.1' ],
488 silly audit   'ts-api-utils': [ '2.1.0' ],
488 silly audit   'tsconfig-paths': [ '3.15.0' ],
488 silly audit   tslib: [ '2.8.1' ],
488 silly audit   'type-check': [ '0.4.0' ],
488 silly audit   'typed-array-buffer': [ '1.0.3' ],
488 silly audit   'typed-array-byte-length': [ '1.0.3' ],
488 silly audit   'typed-array-byte-offset': [ '1.0.4' ],
488 silly audit   'typed-array-length': [ '1.0.7' ],
488 silly audit   typescript: [ '5.9.3' ],
488 silly audit   'typescript-eslint': [ '8.48.0' ],
488 silly audit   'unbox-primitive': [ '1.1.0' ],
488 silly audit   'undici-types': [ '6.21.0' ],
488 silly audit   'unrs-resolver': [ '1.11.1' ],
488 silly audit   'update-browserslist-db': [ '1.1.4' ],
488 silly audit   'uri-js': [ '4.4.1' ],
488 silly audit   which: [ '2.0.2' ],
488 silly audit   'which-boxed-primitive': [ '1.1.1' ],
488 silly audit   'which-builtin-type': [ '1.2.1' ],
488 silly audit   'which-collection': [ '1.0.2' ],
488 silly audit   'which-typed-array': [ '1.1.19' ],
488 silly audit   'word-wrap': [ '1.2.5' ],
488 silly audit   yallist: [ '3.1.1' ],
488 silly audit   'yocto-queue': [ '0.1.0' ],
488 silly audit   zod: [ '4.1.13' ],
488 silly audit   'zod-validation-error': [ '4.0.2' ],
488 silly audit   '@gsap/react': [ '2.1.2' ],
488 silly audit   '@hookform/resolvers': [ '5.2.2' ],
488 silly audit   'react-hook-form': [ '7.67.0' ],
488 silly audit   '@prisma/client': [ '7.0.1' ],
488 silly audit   dotenv: [ '17.2.3', '16.6.1' ],
488 silly audit   gsap: [ '3.13.0' ],
488 silly audit   'lucide-react': [ '0.555.0' ],
488 silly audit   mysql2: [ '3.15.3' ],
488 silly audit   prisma: [ '7.0.1' ],
488 silly audit   '@standard-schema/utils': [ '0.3.0' ],
488 silly audit   '@prisma/client-runtime-utils': [ '7.0.1' ],
488 silly audit   'aws-ssl-profiles': [ '1.1.2' ],
488 silly audit   denque: [ '2.1.0' ],
488 silly audit   'generate-function': [ '2.3.1' ],
488 silly audit   'iconv-lite': [ '0.7.0' ],
488 silly audit   long: [ '5.3.2' ],
488 silly audit   'lru.min': [ '1.1.3' ],
488 silly audit   'named-placeholders': [ '1.1.3' ],
488 silly audit   'seq-queue': [ '0.0.5' ],
488 silly audit   sqlstring: [ '2.3.3' ],
488 silly audit   'is-property': [ '1.0.2' ],
488 silly audit   'safer-buffer': [ '2.1.2' ],
488 silly audit   '@prisma/config': [ '7.0.1' ],
488 silly audit   '@prisma/dev': [ '0.13.0' ],
488 silly audit   '@prisma/engines': [ '7.0.1' ],
488 silly audit   '@prisma/studio-core': [ '0.8.2' ],
488 silly audit   postgres: [ '3.4.7' ],
488 silly audit   c12: [ '3.1.0' ],
488 silly audit   'deepmerge-ts': [ '7.1.5' ],
488 silly audit   effect: [ '3.18.4' ],
488 silly audit   empathic: [ '2.0.0' ],
488 silly audit   '@electric-sql/pglite': [ '0.3.2' ],
488 silly audit   '@electric-sql/pglite-socket': [ '0.0.6' ],
488 silly audit   '@electric-sql/pglite-tools': [ '0.2.7' ],
488 silly audit   '@hono/node-server': [ '1.14.2' ],
488 silly audit   hono: [ '4.7.10' ],
488 silly audit   '@mrleebo/prisma-ast': [ '0.12.1' ],
488 silly audit   '@prisma/get-platform': [ '6.8.2', '7.0.1' ],
488 silly audit   '@prisma/query-plan-executor': [ '6.18.0' ],
488 silly audit   'foreground-child': [ '3.3.1' ],
488 silly audit   'get-port-please': [ '3.1.2' ],
488 silly audit   'http-status-codes': [ '2.3.0' ],
488 silly audit   pathe: [ '2.0.3' ],
488 silly audit   'proper-lockfile': [ '4.1.2' ],
488 silly audit   remeda: [ '2.21.3' ],
488 silly audit   'std-env': [ '3.9.0' ],
488 silly audit   valibot: [ '1.1.0' ],
488 silly audit   zeptomatch: [ '2.0.2' ],
488 silly audit   chevrotain: [ '10.5.0' ],
488 silly audit   lilconfig: [ '2.1.0' ],
488 silly audit   '@prisma/debug': [ '7.0.1', '6.8.2' ],
488 silly audit   '@prisma/engines-version': [ '7.1.0-2.f09f2815f091dbba658cdcd2264306d88bb5bda6' ],
488 silly audit   '@prisma/fetch-engine': [ '7.0.1' ],
488 silly audit   chokidar: [ '4.0.3' ],
488 silly audit   confbox: [ '0.2.2' ],
488 silly audit   defu: [ '6.1.4' ],
488 silly audit   exsolve: [ '1.0.8' ],
488 silly audit   giget: [ '2.0.0' ],
488 silly audit   ohash: [ '2.0.11' ],
488 silly audit   'perfect-debounce': [ '1.0.0' ],
488 silly audit   'pkg-types': [ '2.3.0' ],
488 silly audit   rc9: [ '2.1.2' ],
488 silly audit   '@chevrotain/cst-dts-gen': [ '10.5.0' ],
488 silly audit   '@chevrotain/gast': [ '10.5.0' ],
488 silly audit   '@chevrotain/types': [ '10.5.0' ],
488 silly audit   '@chevrotain/utils': [ '10.5.0' ],
488 silly audit   lodash: [ '4.17.21' ],
488 silly audit   'regexp-to-ast': [ '0.5.0' ],
488 silly audit   readdirp: [ '4.1.2' ],
488 silly audit   '@standard-schema/spec': [ '1.0.0' ],
488 silly audit   'fast-check': [ '3.23.2' ],
488 silly audit   'pure-rand': [ '6.1.0' ],
488 silly audit   'signal-exit': [ '4.1.0', '3.0.7' ],
488 silly audit   citty: [ '0.1.6' ],
488 silly audit   consola: [ '3.4.2' ],
488 silly audit   'node-fetch-native': [ '1.6.7' ],
488 silly audit   nypm: [ '0.6.2' ],
488 silly audit   tinyexec: [ '1.0.2' ],
488 silly audit   retry: [ '0.12.0' ],
488 silly audit   destr: [ '2.0.5' ],
488 silly audit   'type-fest': [ '4.41.0' ],
488 silly audit   grammex: [ '3.1.12' ]
488 silly audit }
489 http cache gsap@https://registry.npmjs.org/gsap/-/gsap-3.13.0.tgz 0ms (cache hit)
490 http cache @gsap/react@https://registry.npmjs.org/@gsap/react/-/react-2.1.2.tgz 0ms (cache hit)
491 http cache lucide-react@https://registry.npmjs.org/lucide-react/-/lucide-react-0.555.0.tgz 0ms (cache hit)
492 silly tarball no local data for gsap@https://registry.npmjs.org/gsap/-/gsap-3.13.0.tgz. Extracting by manifest.
493 silly tarball no local data for @gsap/react@https://registry.npmjs.org/@gsap/react/-/react-2.1.2.tgz. Extracting by manifest.
494 silly tarball no local data for lucide-react@https://registry.npmjs.org/lucide-react/-/lucide-react-0.555.0.tgz. Extracting by manifest.
495 http fetch GET 200 https://registry.npmjs.org/@gsap/react/-/react-2.1.2.tgz 184ms (cache miss)
496 http fetch POST 200 https://registry.npmjs.org/-/npm/v1/security/advisories/bulk 497ms
497 silly audit report {
497 silly audit report   hono: [
497 silly audit report     {
497 silly audit report       id: 1111032,
497 silly audit report       url: 'https://github.com/advisories/GHSA-q7jf-gf43-6x6p',
497 silly audit report       title: 'Hono vulnerable to Vary Header Injection leading to potential CORS Bypass',
497 silly audit report       severity: 'moderate',
497 silly audit report       vulnerable_versions: '<4.10.3',
497 silly audit report       cwe: [Array],
497 silly audit report       cvss: [Object]
497 silly audit report     },
497 silly audit report     {
497 silly audit report       id: 1107532,
497 silly audit report       url: 'https://github.com/advisories/GHSA-92vj-g62v-jqhh',
497 silly audit report       title: 'Hono has Body Limit Middleware Bypass',
497 silly audit report       severity: 'moderate',
497 silly audit report       vulnerable_versions: '<4.9.7',
497 silly audit report       cwe: [Array],
497 silly audit report       cvss: [Object]
497 silly audit report     },
497 silly audit report     {
497 silly audit report       id: 1109151,
497 silly audit report       url: 'https://github.com/advisories/GHSA-m732-5p4w-x69g',
497 silly audit report       title: 'Hono Improper Authorization vulnerability',
497 silly audit report       severity: 'high',
497 silly audit report       vulnerable_versions: '>=1.1.0 <4.10.2',
497 silly audit report       cwe: [Array],
497 silly audit report       cvss: [Object]
497 silly audit report     }
497 silly audit report   ],
497 silly audit report   valibot: [
497 silly audit report     {
497 silly audit report       id: 1110992,
497 silly audit report       url: 'https://github.com/advisories/GHSA-vqpr-j7v3-hqw9',
497 silly audit report       title: 'Valibot has a ReDoS vulnerability in `EMOJI_REGEX`',
497 silly audit report       severity: 'high',
497 silly audit report       vulnerable_versions: '>=0.31.0 <1.2.0',
497 silly audit report       cwe: [Array],
497 silly audit report       cvss: [Object]
497 silly audit report     }
497 silly audit report   ]
497 silly audit report }
498 silly packumentCache corgi:https://registry.npmjs.org/hono cache-miss
499 silly packumentCache corgi:https://registry.npmjs.org/valibot cache-miss
500 http fetch GET 200 https://registry.npmjs.org/valibot 167ms (cache revalidated)
501 silly packumentCache corgi:https://registry.npmjs.org/valibot set size:91138 disposed:false
502 http fetch GET 200 https://registry.npmjs.org/hono 183ms (cache revalidated)
503 silly packumentCache corgi:https://registry.npmjs.org/hono set size:656115 disposed:false
504 silly packumentCache corgi:https://registry.npmjs.org/@prisma%2fdev cache-miss
505 silly packumentCache corgi:https://registry.npmjs.org/@hono%2fnode-server cache-miss
506 http fetch GET 200 https://registry.npmjs.org/@hono%2fnode-server 124ms (cache revalidated)
507 silly packumentCache corgi:https://registry.npmjs.org/@hono%2fnode-server set size:76952 disposed:false
508 http fetch GET 200 https://registry.npmjs.org/@prisma%2fdev 141ms (cache revalidated)
509 silly packumentCache corgi:https://registry.npmjs.org/@prisma%2fdev set size:801386 disposed:false
510 silly packumentCache corgi:https://registry.npmjs.org/prisma cache-miss
511 http fetch GET 200 https://registry.npmjs.org/prisma 192ms (cache revalidated)
512 silly packumentCache corgi:https://registry.npmjs.org/prisma set size:22052749 disposed:false
513 silly packumentCache corgi:https://registry.npmjs.org/@prisma%2fclient cache-miss
514 http fetch GET 200 https://registry.npmjs.org/@prisma%2fclient 340ms (cache revalidated)
515 silly packumentCache corgi:https://registry.npmjs.org/@prisma%2fclient set size:36618771 disposed:false
516 http fetch GET 200 https://registry.npmjs.org/gsap/-/gsap-3.13.0.tgz 3029ms (cache miss)
517 http fetch GET 200 https://registry.npmjs.org/lucide-react/-/lucide-react-0.555.0.tgz 9188ms (cache miss)
518 silly ADD node_modules/lucide-react
519 silly ADD node_modules/gsap
520 silly ADD node_modules/@gsap/react
521 verbose cwd D:\Projects\school\my-school-project
522 verbose os Windows_NT 10.0.22631
523 verbose node v22.17.0
524 verbose npm  v11.5.2
525 verbose exit 0
526 info ok
