0 verbose cli C:\Program Files\nodejs\node.exe C:\Users\Asus\AppData\Roaming\npm\node_modules\npm\bin\npm-cli.js
1 info using npm@11.5.2
2 info using node@v22.17.0
3 silly config load:file:C:\Users\Asus\AppData\Roaming\npm\node_modules\npm\npmrc
4 silly config load:file:D:\Projects\school\my-school-project\.npmrc
5 silly config load:file:C:\Users\Asus\.npmrc
6 silly config load:file:C:\Users\Asus\AppData\Roaming\npm\etc\npmrc
7 verbose title npm exec prisma generate
8 verbose argv "exec" "--" "prisma" "generate"
9 verbose logfile logs-max:10 dir:D:\Projects\school\my-school-project\npm-cache\_logs\2025-12-01T19_54_29_168Z-
10 verbose logfile D:\Projects\school\my-school-project\npm-cache\_logs\2025-12-01T19_54_29_168Z-debug-0.log
11 silly logfile start cleaning logs, removing 1 files
12 silly logfile done cleaning log files
13 silly packumentCache heap:2197815296 maxSize:549453824 maxEntrySize:274726912
14 http fetch GET 200 https://registry.npmjs.org/prisma 496ms (cache revalidated)
15 silly packumentCache heap:2197815296 maxSize:549453824 maxEntrySize:274726912
16 silly packumentCache heap:2197815296 maxSize:549453824 maxEntrySize:274726912
17 silly idealTree buildDeps
18 silly fetch manifest prisma@7.0.1
19 silly packumentCache full:https://registry.npmjs.org/prisma cache-miss
20 http fetch GET 200 https://registry.npmjs.org/prisma 416ms (cache revalidated)
21 silly packumentCache full:https://registry.npmjs.org/prisma set size:41658462 disposed:false
22 silly fetch manifest better-sqlite3@>=9.0.0
23 silly packumentCache full:https://registry.npmjs.org/better-sqlite3 cache-miss
24 http fetch GET 200 https://registry.npmjs.org/better-sqlite3 190ms (cache revalidated)
25 silly packumentCache full:https://registry.npmjs.org/better-sqlite3 set size:364974 disposed:false
26 silly fetch manifest typescript@>=5.4.0
27 silly packumentCache full:https://registry.npmjs.org/typescript cache-miss
28 http fetch GET 200 https://registry.npmjs.org/typescript 142ms (cache revalidated)
29 silly packumentCache full:https://registry.npmjs.org/typescript set size:14960441 disposed:false
30 silly placeDep ROOT prisma@7.0.1 OK for:  want: 7.0.1
31 silly fetch manifest mysql2@3.15.3
32 silly packumentCache full:https://registry.npmjs.org/mysql2 cache-miss
33 silly fetch manifest postgres@3.4.7
34 silly packumentCache full:https://registry.npmjs.org/postgres cache-miss
35 silly fetch manifest @prisma/dev@0.13.0
36 silly packumentCache full:https://registry.npmjs.org/@prisma%2fdev cache-miss
37 silly fetch manifest @prisma/config@7.0.1
38 silly packumentCache full:https://registry.npmjs.org/@prisma%2fconfig cache-miss
39 silly fetch manifest @prisma/engines@7.0.1
40 silly packumentCache full:https://registry.npmjs.org/@prisma%2fengines cache-miss
41 silly fetch manifest @prisma/studio-core@0.8.2
42 silly packumentCache full:https://registry.npmjs.org/@prisma%2fstudio-core cache-miss
43 http fetch GET 200 https://registry.npmjs.org/mysql2 261ms (cache revalidated)
44 silly packumentCache full:https://registry.npmjs.org/mysql2 set size:610187 disposed:false
45 http fetch GET 200 https://registry.npmjs.org/postgres 360ms (cache revalidated)
46 silly packumentCache full:https://registry.npmjs.org/postgres set size:180764 disposed:false
47 http fetch GET 200 https://registry.npmjs.org/@prisma%2fdev 659ms (cache revalidated)
48 silly packumentCache full:https://registry.npmjs.org/@prisma%2fdev set size:2146439 disposed:false
49 http fetch GET 200 https://registry.npmjs.org/@prisma%2fstudio-core 694ms (cache revalidated)
50 silly packumentCache full:https://registry.npmjs.org/@prisma%2fstudio-core set size:5932180 disposed:false
51 http fetch GET 200 https://registry.npmjs.org/@prisma%2fengines 906ms (cache revalidated)
52 silly packumentCache full:https://registry.npmjs.org/@prisma%2fengines set size:21045861 disposed:false
53 http fetch GET 200 https://registry.npmjs.org/@prisma%2fconfig 1159ms (cache revalidated)
54 silly packumentCache full:https://registry.npmjs.org/@prisma%2fconfig set size:3039670 disposed:false
55 silly fetch manifest @types/react@^18.0.0 || ^19.0.0
56 silly packumentCache full:https://registry.npmjs.org/@types%2freact cache-miss
57 http fetch GET 200 https://registry.npmjs.org/@types%2freact 84ms (cache revalidated)
58 silly packumentCache full:https://registry.npmjs.org/@types%2freact set size:2541992 disposed:false
59 silly fetch manifest react@^18.0.0 || ^19.0.0
60 silly packumentCache full:https://registry.npmjs.org/react cache-miss
61 http fetch GET 200 https://registry.npmjs.org/react 87ms (cache revalidated)
62 silly packumentCache full:https://registry.npmjs.org/react set size:6287832 disposed:false
63 silly fetch manifest react-dom@^18.0.0 || ^19.0.0
64 silly packumentCache full:https://registry.npmjs.org/react-dom cache-miss
65 http fetch GET 200 https://registry.npmjs.org/react-dom 103ms (cache revalidated)
66 silly packumentCache full:https://registry.npmjs.org/react-dom set size:8246867 disposed:false
67 silly placeDep ROOT @prisma/config@7.0.1 OK for: prisma@7.0.1 want: 7.0.1
68 silly placeDep ROOT @prisma/dev@0.13.0 OK for: prisma@7.0.1 want: 0.13.0
69 silly placeDep ROOT @prisma/engines@7.0.1 OK for: prisma@7.0.1 want: 7.0.1
70 silly placeDep ROOT @prisma/studio-core@0.8.2 OK for: prisma@7.0.1 want: 0.8.2
71 silly placeDep ROOT react@19.2.0 OK for: @prisma/studio-core@0.8.2 want: ^18.0.0 || ^19.0.0
72 silly placeDep ROOT react-dom@19.2.0 OK for: @prisma/studio-core@0.8.2 want: ^18.0.0 || ^19.0.0
73 silly placeDep ROOT @types/react@19.2.7 OK for: @prisma/studio-core@0.8.2 want: ^18.0.0 || ^19.0.0
74 silly placeDep ROOT mysql2@3.15.3 OK for: prisma@7.0.1 want: 3.15.3
75 silly placeDep ROOT postgres@3.4.7 OK for: prisma@7.0.1 want: 3.4.7
76 silly fetch manifest c12@3.1.0
77 silly packumentCache full:https://registry.npmjs.org/c12 cache-miss
78 silly fetch manifest effect@3.18.4
79 silly packumentCache full:https://registry.npmjs.org/effect cache-miss
80 silly fetch manifest empathic@2.0.0
81 silly packumentCache full:https://registry.npmjs.org/empathic cache-miss
82 silly fetch manifest deepmerge-ts@7.1.5
83 silly packumentCache full:https://registry.npmjs.org/deepmerge-ts cache-miss
84 silly fetch manifest hono@4.7.10
85 silly packumentCache full:https://registry.npmjs.org/hono cache-miss
86 silly fetch manifest pathe@2.0.3
87 silly packumentCache full:https://registry.npmjs.org/pathe cache-miss
88 silly fetch manifest remeda@2.21.3
89 silly packumentCache full:https://registry.npmjs.org/remeda cache-miss
90 http fetch GET 200 https://registry.npmjs.org/empathic 456ms (cache revalidated)
91 silly packumentCache full:https://registry.npmjs.org/empathic set size:18290 disposed:false
92 silly fetch manifest std-env@3.9.0
93 silly packumentCache full:https://registry.npmjs.org/std-env cache-miss
94 http fetch GET 200 https://registry.npmjs.org/pathe 457ms (cache revalidated)
95 silly packumentCache full:https://registry.npmjs.org/pathe set size:68788 disposed:false
96 silly fetch manifest valibot@1.1.0
97 silly packumentCache full:https://registry.npmjs.org/valibot cache-miss
98 http fetch GET 200 https://registry.npmjs.org/c12 467ms (cache revalidated)
99 silly packumentCache full:https://registry.npmjs.org/c12 set size:168303 disposed:false
100 silly fetch manifest zeptomatch@2.0.2
101 silly packumentCache full:https://registry.npmjs.org/zeptomatch cache-miss
102 http fetch GET 200 https://registry.npmjs.org/effect 500ms (cache revalidated)
103 silly packumentCache full:https://registry.npmjs.org/effect set size:9223901 disposed:false
104 silly fetch manifest get-port-please@3.1.2
105 silly packumentCache full:https://registry.npmjs.org/get-port-please cache-miss
106 http fetch GET 200 https://registry.npmjs.org/deepmerge-ts 623ms (cache revalidated)
107 silly packumentCache full:https://registry.npmjs.org/deepmerge-ts set size:334522 disposed:false
108 silly fetch manifest proper-lockfile@4.1.2
109 silly packumentCache full:https://registry.npmjs.org/proper-lockfile cache-miss
110 http fetch GET 200 https://registry.npmjs.org/hono 642ms (cache revalidated)
111 silly packumentCache full:https://registry.npmjs.org/hono set size:5101739 disposed:false
112 silly fetch manifest foreground-child@3.3.1
113 silly packumentCache full:https://registry.npmjs.org/foreground-child cache-miss
114 http fetch GET 200 https://registry.npmjs.org/std-env 327ms (cache revalidated)
115 silly packumentCache full:https://registry.npmjs.org/std-env set size:81342 disposed:false
116 silly fetch manifest @hono/node-server@1.14.2
117 silly packumentCache full:https://registry.npmjs.org/@hono%2fnode-server cache-miss
118 http fetch GET 200 https://registry.npmjs.org/foreground-child 78ms (cache revalidated)
119 silly packumentCache full:https://registry.npmjs.org/foreground-child set size:59344 disposed:false
120 silly fetch manifest http-status-codes@2.3.0
121 silly packumentCache full:https://registry.npmjs.org/http-status-codes cache-miss
122 http fetch GET 200 https://registry.npmjs.org/remeda 800ms (cache revalidated)
123 silly packumentCache full:https://registry.npmjs.org/remeda set size:750980 disposed:false
124 silly fetch manifest @mrleebo/prisma-ast@0.12.1
125 silly packumentCache full:https://registry.npmjs.org/@mrleebo%2fprisma-ast cache-miss
126 http fetch GET 200 https://registry.npmjs.org/valibot 359ms (cache revalidated)
127 silly packumentCache full:https://registry.npmjs.org/valibot set size:244818 disposed:false
128 silly fetch manifest @electric-sql/pglite@0.3.2
129 silly packumentCache full:https://registry.npmjs.org/@electric-sql%2fpglite cache-miss
130 http fetch GET 200 https://registry.npmjs.org/zeptomatch 357ms (cache revalidated)
131 silly packumentCache full:https://registry.npmjs.org/zeptomatch set size:30766 disposed:false
132 silly fetch manifest @prisma/get-platform@6.8.2
133 silly packumentCache full:https://registry.npmjs.org/@prisma%2fget-platform cache-miss
134 http fetch GET 200 https://registry.npmjs.org/get-port-please 217ms (cache revalidated)
135 silly packumentCache full:https://registry.npmjs.org/get-port-please set size:58285 disposed:false
136 silly fetch manifest @electric-sql/pglite-tools@0.2.7
137 silly packumentCache full:https://registry.npmjs.org/@electric-sql%2fpglite-tools cache-miss
138 http fetch GET 200 https://registry.npmjs.org/proper-lockfile 203ms (cache revalidated)
139 silly packumentCache full:https://registry.npmjs.org/proper-lockfile set size:82421 disposed:false
140 silly fetch manifest @electric-sql/pglite-socket@0.0.6
141 silly packumentCache full:https://registry.npmjs.org/@electric-sql%2fpglite-socket cache-miss
142 http fetch GET 200 https://registry.npmjs.org/http-status-codes 91ms (cache revalidated)
143 silly packumentCache full:https://registry.npmjs.org/http-status-codes set size:254658 disposed:false
144 silly fetch manifest @prisma/query-plan-executor@6.18.0
145 silly packumentCache full:https://registry.npmjs.org/@prisma%2fquery-plan-executor cache-miss
146 http fetch GET 200 https://registry.npmjs.org/@prisma%2fget-platform 226ms (cache revalidated)
147 silly packumentCache full:https://registry.npmjs.org/@prisma%2fget-platform set size:27667230 disposed:false
148 silly fetch manifest @prisma/debug@7.0.1
149 silly packumentCache full:https://registry.npmjs.org/@prisma%2fdebug cache-miss
150 http fetch GET 200 https://registry.npmjs.org/@electric-sql%2fpglite-tools 527ms (cache revalidated)
151 silly packumentCache full:https://registry.npmjs.org/@electric-sql%2fpglite-tools set size:50333 disposed:false
152 silly fetch manifest @prisma/fetch-engine@7.0.1
153 silly packumentCache full:https://registry.npmjs.org/@prisma%2ffetch-engine cache-miss
154 http fetch GET 200 https://registry.npmjs.org/@mrleebo%2fprisma-ast 547ms (cache revalidated)
155 silly packumentCache full:https://registry.npmjs.org/@mrleebo%2fprisma-ast set size:138678 disposed:false
156 silly fetch manifest @prisma/get-platform@7.0.1
157 silly packumentCache full:https://registry.npmjs.org/@prisma%2fget-platform cache-miss
158 http cache https://registry.npmjs.org/@prisma%2fget-platform 94ms (cache hit)
159 silly packumentCache full:https://registry.npmjs.org/@prisma%2fget-platform set size:27667230 disposed:false
160 silly fetch manifest @prisma/engines-version@7.1.0-2.f09f2815f091dbba658cdcd2264306d88bb5bda6
161 silly packumentCache full:https://registry.npmjs.org/@prisma%2fengines-version cache-miss
162 http fetch GET 200 https://registry.npmjs.org/@prisma%2fdebug 636ms (cache revalidated)
163 silly packumentCache full:https://registry.npmjs.org/@prisma%2fdebug set size:28022137 disposed:false
164 silly fetch manifest csstype@^3.2.2
165 silly packumentCache full:https://registry.npmjs.org/csstype cache-miss
166 http fetch GET 200 https://registry.npmjs.org/@prisma%2fengines-version 408ms (cache revalidated)
167 silly packumentCache full:https://registry.npmjs.org/@prisma%2fengines-version set size:9740894 disposed:false
168 silly fetch manifest scheduler@^0.27.0
169 silly packumentCache full:https://registry.npmjs.org/scheduler cache-miss
170 http fetch GET 200 https://registry.npmjs.org/@electric-sql%2fpglite 1504ms (cache revalidated)
171 silly packumentCache full:https://registry.npmjs.org/@electric-sql%2fpglite set size:256644 disposed:false
172 silly fetch manifest aws-ssl-profiles@^1.1.1
173 silly packumentCache full:https://registry.npmjs.org/aws-ssl-profiles cache-miss
174 http fetch GET 200 https://registry.npmjs.org/@hono%2fnode-server 1545ms (cache revalidated)
175 silly packumentCache full:https://registry.npmjs.org/@hono%2fnode-server set size:209972 disposed:false
176 silly fetch manifest denque@^2.1.0
177 silly packumentCache full:https://registry.npmjs.org/denque cache-miss
178 http fetch GET 200 https://registry.npmjs.org/@prisma%2fquery-plan-executor 1448ms (cache revalidated)
179 silly packumentCache full:https://registry.npmjs.org/@prisma%2fquery-plan-executor set size:820920 disposed:false
180 silly fetch manifest generate-function@^2.3.1
181 silly packumentCache full:https://registry.npmjs.org/generate-function cache-miss
182 http fetch GET 200 https://registry.npmjs.org/@prisma%2ffetch-engine 1068ms (cache revalidated)
183 silly packumentCache full:https://registry.npmjs.org/@prisma%2ffetch-engine set size:31502936 disposed:false
184 silly fetch manifest iconv-lite@^0.7.0
185 silly packumentCache full:https://registry.npmjs.org/iconv-lite cache-miss
186 http fetch GET 200 https://registry.npmjs.org/@electric-sql%2fpglite-socket 1855ms (cache revalidated)
187 silly packumentCache full:https://registry.npmjs.org/@electric-sql%2fpglite-socket set size:55635 disposed:false
188 silly fetch manifest long@^5.2.1
189 silly packumentCache full:https://registry.npmjs.org/long cache-miss
190 http fetch GET 200 https://registry.npmjs.org/generate-function 448ms (cache revalidated)
191 silly packumentCache full:https://registry.npmjs.org/generate-function set size:22290 disposed:false
192 silly fetch manifest lru.min@^1.0.0
193 silly packumentCache full:https://registry.npmjs.org/lru.min cache-miss
194 http fetch GET 200 https://registry.npmjs.org/denque 461ms (cache revalidated)
195 silly packumentCache full:https://registry.npmjs.org/denque set size:62908 disposed:false
196 silly fetch manifest named-placeholders@^1.1.3
197 silly packumentCache full:https://registry.npmjs.org/named-placeholders cache-miss
198 http fetch GET 200 https://registry.npmjs.org/iconv-lite 118ms (cache revalidated)
199 silly packumentCache full:https://registry.npmjs.org/iconv-lite set size:118890 disposed:false
200 silly fetch manifest seq-queue@^0.0.5
201 silly packumentCache full:https://registry.npmjs.org/seq-queue cache-miss
202 http fetch GET 200 https://registry.npmjs.org/aws-ssl-profiles 470ms (cache revalidated)
203 silly packumentCache full:https://registry.npmjs.org/aws-ssl-profiles set size:13721 disposed:false
204 silly fetch manifest sqlstring@^2.3.2
205 silly packumentCache full:https://registry.npmjs.org/sqlstring cache-miss
206 http fetch GET 200 https://registry.npmjs.org/csstype 651ms (cache revalidated)
207 silly packumentCache full:https://registry.npmjs.org/csstype set size:274189 disposed:false
208 http fetch GET 200 https://registry.npmjs.org/long 119ms (cache revalidated)
209 silly packumentCache full:https://registry.npmjs.org/long set size:80704 disposed:false
210 http fetch GET 200 https://registry.npmjs.org/scheduler 500ms (cache revalidated)
211 silly packumentCache full:https://registry.npmjs.org/scheduler set size:5248742 disposed:false
212 http fetch GET 200 https://registry.npmjs.org/seq-queue 444ms (cache revalidated)
213 silly packumentCache full:https://registry.npmjs.org/seq-queue set size:10958 disposed:false
214 http fetch GET 200 https://registry.npmjs.org/named-placeholders 449ms (cache revalidated)
215 silly packumentCache full:https://registry.npmjs.org/named-placeholders set size:17099 disposed:false
216 http fetch GET 200 https://registry.npmjs.org/sqlstring 484ms (cache revalidated)
217 silly packumentCache full:https://registry.npmjs.org/sqlstring set size:31678 disposed:false
218 http fetch GET 200 https://registry.npmjs.org/lru.min 493ms (cache revalidated)
219 silly packumentCache full:https://registry.npmjs.org/lru.min set size:48348 disposed:false
220 silly fetch manifest magicast@^0.3.5
221 silly packumentCache full:https://registry.npmjs.org/magicast cache-miss
222 http fetch GET 200 https://registry.npmjs.org/magicast 61ms (cache revalidated)
223 silly packumentCache full:https://registry.npmjs.org/magicast set size:77706 disposed:false
224 silly placeDep ROOT c12@3.1.0 OK for: @prisma/config@7.0.1 want: 3.1.0
225 silly placeDep ROOT deepmerge-ts@7.1.5 OK for: @prisma/config@7.0.1 want: 7.1.5
226 silly placeDep ROOT effect@3.18.4 OK for: @prisma/config@7.0.1 want: 3.18.4
227 silly placeDep ROOT empathic@2.0.0 OK for: @prisma/config@7.0.1 want: 2.0.0
228 silly fetch manifest rc9@^2.1.2
229 silly packumentCache full:https://registry.npmjs.org/rc9 cache-miss
230 silly fetch manifest defu@^6.1.4
231 silly packumentCache full:https://registry.npmjs.org/defu cache-miss
232 silly fetch manifest jiti@^2.4.2
233 silly packumentCache full:https://registry.npmjs.org/jiti cache-miss
234 silly fetch manifest giget@^2.0.0
235 silly packumentCache full:https://registry.npmjs.org/giget cache-miss
236 silly fetch manifest ohash@^2.0.11
237 silly packumentCache full:https://registry.npmjs.org/ohash cache-miss
238 silly fetch manifest pathe@^2.0.3
239 silly packumentCache full:https://registry.npmjs.org/pathe cache-hit
240 silly fetch manifest dotenv@^16.6.1
241 silly packumentCache full:https://registry.npmjs.org/dotenv cache-miss
242 silly fetch manifest confbox@^0.2.2
243 silly packumentCache full:https://registry.npmjs.org/confbox cache-miss
244 http fetch GET 200 https://registry.npmjs.org/defu 66ms (cache revalidated)
245 silly packumentCache full:https://registry.npmjs.org/defu set size:85562 disposed:false
246 silly fetch manifest exsolve@^1.0.7
247 silly packumentCache full:https://registry.npmjs.org/exsolve cache-miss
248 http fetch GET 200 https://registry.npmjs.org/ohash 69ms (cache revalidated)
249 silly packumentCache full:https://registry.npmjs.org/ohash set size:69122 disposed:false
250 silly fetch manifest chokidar@^4.0.3
251 silly packumentCache full:https://registry.npmjs.org/chokidar cache-miss
252 http fetch GET 200 https://registry.npmjs.org/jiti 82ms (cache revalidated)
253 silly packumentCache full:https://registry.npmjs.org/jiti set size:382310 disposed:false
254 silly fetch manifest pkg-types@^2.2.0
255 silly packumentCache full:https://registry.npmjs.org/pkg-types cache-miss
256 http fetch GET 200 https://registry.npmjs.org/rc9 91ms (cache revalidated)
257 silly packumentCache full:https://registry.npmjs.org/rc9 set size:62453 disposed:false
258 silly fetch manifest perfect-debounce@^1.0.0
259 silly packumentCache full:https://registry.npmjs.org/perfect-debounce cache-miss
260 http fetch GET 200 https://registry.npmjs.org/dotenv 90ms (cache revalidated)
261 silly packumentCache full:https://registry.npmjs.org/dotenv set size:261324 disposed:false
262 silly fetch manifest fast-check@^3.23.1
263 silly packumentCache full:https://registry.npmjs.org/fast-check cache-miss
264 http fetch GET 200 https://registry.npmjs.org/giget 104ms (cache revalidated)
265 silly packumentCache full:https://registry.npmjs.org/giget set size:84383 disposed:false
266 silly fetch manifest @standard-schema/spec@^1.0.0
267 silly packumentCache full:https://registry.npmjs.org/@standard-schema%2fspec cache-miss
268 http fetch GET 200 https://registry.npmjs.org/confbox 104ms (cache revalidated)
269 silly packumentCache full:https://registry.npmjs.org/confbox set size:39784 disposed:false
270 http fetch GET 200 https://registry.npmjs.org/exsolve 98ms (cache revalidated)
271 silly packumentCache full:https://registry.npmjs.org/exsolve set size:56620 disposed:false
272 http fetch GET 200 https://registry.npmjs.org/chokidar 99ms (cache revalidated)
273 silly packumentCache full:https://registry.npmjs.org/chokidar set size:255902 disposed:false
274 http fetch GET 200 https://registry.npmjs.org/perfect-debounce 91ms (cache revalidated)
275 silly packumentCache full:https://registry.npmjs.org/perfect-debounce set size:26157 disposed:false
276 http fetch GET 200 https://registry.npmjs.org/pkg-types 95ms (cache revalidated)
277 silly packumentCache full:https://registry.npmjs.org/pkg-types set size:85931 disposed:false
278 http fetch GET 200 https://registry.npmjs.org/fast-check 91ms (cache revalidated)
279 silly packumentCache full:https://registry.npmjs.org/fast-check set size:906772 disposed:false
280 http fetch GET 200 https://registry.npmjs.org/@standard-schema%2fspec 104ms (cache revalidated)
281 silly packumentCache full:https://registry.npmjs.org/@standard-schema%2fspec set size:34537 disposed:false
282 silly fetch manifest typescript@>=5
283 silly packumentCache full:https://registry.npmjs.org/typescript cache-miss
284 http cache https://registry.npmjs.org/typescript 53ms (cache hit)
285 silly packumentCache full:https://registry.npmjs.org/typescript set size:14960441 disposed:false
286 silly placeDep ROOT @electric-sql/pglite@0.3.2 OK for: @prisma/dev@0.13.0 want: 0.3.2
287 silly placeDep ROOT @electric-sql/pglite-socket@0.0.6 OK for: @prisma/dev@0.13.0 want: 0.0.6
288 silly placeDep ROOT @electric-sql/pglite-tools@0.2.7 OK for: @prisma/dev@0.13.0 want: 0.2.7
289 silly placeDep ROOT @hono/node-server@1.14.2 OK for: @prisma/dev@0.13.0 want: 1.14.2
290 silly placeDep ROOT hono@4.7.10 OK for: @hono/node-server@1.14.2 want: ^4
291 silly placeDep ROOT @mrleebo/prisma-ast@0.12.1 OK for: @prisma/dev@0.13.0 want: 0.12.1
292 silly placeDep ROOT @prisma/get-platform@6.8.2 OK for: @prisma/dev@0.13.0 want: 6.8.2
293 silly placeDep ROOT @prisma/query-plan-executor@6.18.0 OK for: @prisma/dev@0.13.0 want: 6.18.0
294 silly placeDep ROOT foreground-child@3.3.1 OK for: @prisma/dev@0.13.0 want: 3.3.1
295 silly placeDep ROOT get-port-please@3.1.2 OK for: @prisma/dev@0.13.0 want: 3.1.2
296 silly placeDep ROOT http-status-codes@2.3.0 OK for: @prisma/dev@0.13.0 want: 2.3.0
297 silly placeDep ROOT pathe@2.0.3 OK for: @prisma/dev@0.13.0 want: 2.0.3
298 silly placeDep ROOT proper-lockfile@4.1.2 OK for: @prisma/dev@0.13.0 want: 4.1.2
299 silly placeDep ROOT remeda@2.21.3 OK for: @prisma/dev@0.13.0 want: 2.21.3
300 silly placeDep ROOT std-env@3.9.0 OK for: @prisma/dev@0.13.0 want: 3.9.0
301 silly placeDep ROOT valibot@1.1.0 OK for: @prisma/dev@0.13.0 want: 1.1.0
302 silly placeDep ROOT zeptomatch@2.0.2 OK for: @prisma/dev@0.13.0 want: 2.0.2
303 silly fetch manifest lilconfig@^2.1.0
304 silly packumentCache full:https://registry.npmjs.org/lilconfig cache-miss
305 silly fetch manifest chevrotain@^10.5.0
306 silly packumentCache full:https://registry.npmjs.org/chevrotain cache-miss
307 silly fetch manifest @prisma/debug@6.8.2
308 silly packumentCache full:https://registry.npmjs.org/@prisma%2fdebug cache-miss
309 silly fetch manifest cross-spawn@^7.0.6
310 silly packumentCache full:https://registry.npmjs.org/cross-spawn cache-miss
311 silly fetch manifest signal-exit@^4.0.1
312 silly packumentCache full:https://registry.npmjs.org/signal-exit cache-miss
313 silly fetch manifest graceful-fs@^4.2.4
314 silly packumentCache full:https://registry.npmjs.org/graceful-fs cache-miss
315 silly fetch manifest retry@^0.12.0
316 silly packumentCache full:https://registry.npmjs.org/retry cache-miss
317 http cache https://registry.npmjs.org/@prisma%2fdebug 109ms (cache hit)
318 silly packumentCache full:https://registry.npmjs.org/@prisma%2fdebug set size:28022137 disposed:false
319 silly fetch manifest signal-exit@^3.0.2
320 silly packumentCache full:https://registry.npmjs.org/signal-exit cache-miss
321 http fetch GET 200 https://registry.npmjs.org/retry 384ms (cache revalidated)
322 silly packumentCache full:https://registry.npmjs.org/retry set size:31161 disposed:false
323 silly fetch manifest type-fest@^4.39.1
324 silly packumentCache full:https://registry.npmjs.org/type-fest cache-miss
325 http fetch GET 200 https://registry.npmjs.org/lilconfig 390ms (cache revalidated)
326 silly packumentCache full:https://registry.npmjs.org/lilconfig set size:45636 disposed:false
327 silly fetch manifest grammex@^3.1.10
328 silly packumentCache full:https://registry.npmjs.org/grammex cache-miss
329 http fetch GET 200 https://registry.npmjs.org/cross-spawn 392ms (cache revalidated)
330 silly packumentCache full:https://registry.npmjs.org/cross-spawn set size:109066 disposed:false
331 http fetch GET 200 https://registry.npmjs.org/signal-exit 394ms (cache revalidated)
332 silly packumentCache full:https://registry.npmjs.org/signal-exit set size:53489 disposed:false
333 http fetch GET 200 https://registry.npmjs.org/graceful-fs 396ms (cache revalidated)
334 silly packumentCache full:https://registry.npmjs.org/graceful-fs set size:124285 disposed:false
335 http fetch GET 200 https://registry.npmjs.org/type-fest 279ms (cache revalidated)
336 silly packumentCache full:https://registry.npmjs.org/type-fest set size:537481 disposed:false
337 http fetch GET 200 https://registry.npmjs.org/grammex 294ms (cache revalidated)
338 silly packumentCache full:https://registry.npmjs.org/grammex set size:48287 disposed:false
339 http fetch GET 200 https://registry.npmjs.org/signal-exit 395ms (cache revalidated)
340 silly packumentCache full:https://registry.npmjs.org/signal-exit set size:53489 disposed:false
341 silly packumentCache full:https://registry.npmjs.org/signal-exit dispose
342 http fetch GET 200 https://registry.npmjs.org/chevrotain 950ms (cache revalidated)
343 silly packumentCache full:https://registry.npmjs.org/chevrotain set size:667491 disposed:false
344 silly placeDep ROOT chevrotain@10.5.0 OK for: @mrleebo/prisma-ast@0.12.1 want: ^10.5.0
345 silly placeDep ROOT lilconfig@2.1.0 OK for: @mrleebo/prisma-ast@0.12.1 want: ^2.1.0
346 silly fetch manifest @chevrotain/cst-dts-gen@10.5.0
347 silly packumentCache full:https://registry.npmjs.org/@chevrotain%2fcst-dts-gen cache-miss
348 silly fetch manifest @chevrotain/gast@10.5.0
349 silly packumentCache full:https://registry.npmjs.org/@chevrotain%2fgast cache-miss
350 silly fetch manifest @chevrotain/types@10.5.0
351 silly packumentCache full:https://registry.npmjs.org/@chevrotain%2ftypes cache-miss
352 silly fetch manifest @chevrotain/utils@10.5.0
353 silly packumentCache full:https://registry.npmjs.org/@chevrotain%2futils cache-miss
354 silly fetch manifest lodash@4.17.21
355 silly packumentCache full:https://registry.npmjs.org/lodash cache-miss
356 silly fetch manifest regexp-to-ast@0.5.0
357 silly packumentCache full:https://registry.npmjs.org/regexp-to-ast cache-miss
358 http fetch GET 200 https://registry.npmjs.org/lodash 77ms (cache revalidated)
359 silly packumentCache full:https://registry.npmjs.org/lodash set size:242470 disposed:false
360 http fetch GET 200 https://registry.npmjs.org/regexp-to-ast 105ms (cache revalidated)
361 silly packumentCache full:https://registry.npmjs.org/regexp-to-ast set size:44609 disposed:false
362 http fetch GET 200 https://registry.npmjs.org/@chevrotain%2fcst-dts-gen 138ms (cache revalidated)
363 silly packumentCache full:https://registry.npmjs.org/@chevrotain%2fcst-dts-gen set size:39246 disposed:false
364 http fetch GET 200 https://registry.npmjs.org/@chevrotain%2fgast 1136ms (cache revalidated)
365 silly packumentCache full:https://registry.npmjs.org/@chevrotain%2fgast set size:33762 disposed:false
366 http fetch GET 200 https://registry.npmjs.org/@chevrotain%2ftypes 1139ms (cache revalidated)
367 silly packumentCache full:https://registry.npmjs.org/@chevrotain%2ftypes set size:47585 disposed:false
368 http fetch GET 200 https://registry.npmjs.org/@chevrotain%2futils 1703ms (cache revalidated)
369 silly packumentCache full:https://registry.npmjs.org/@chevrotain%2futils set size:41745 disposed:false
370 silly placeDep ROOT @prisma/debug@7.0.1 OK for: @prisma/engines@7.0.1 want: 7.0.1
371 silly placeDep ROOT @prisma/engines-version@7.1.0-2.f09f2815f091dbba658cdcd2264306d88bb5bda6 OK for: @prisma/engines@7.0.1 want: 7.1.0-2.f09f2815f091dbba658cdcd2264306d88bb5bda6
372 silly placeDep ROOT @prisma/fetch-engine@7.0.1 OK for: @prisma/engines@7.0.1 want: 7.0.1
373 silly placeDep node_modules/@prisma/engines @prisma/get-platform@7.0.1 OK for: @prisma/engines@7.0.1 want: 7.0.1
374 silly placeDep node_modules/@prisma/fetch-engine @prisma/get-platform@7.0.1 OK for: @prisma/fetch-engine@7.0.1 want: 7.0.1
375 silly placeDep node_modules/@prisma/get-platform @prisma/debug@6.8.2 OK for: @prisma/get-platform@6.8.2 want: 6.8.2
376 silly placeDep ROOT csstype@3.2.3 OK for: @types/react@19.2.7 want: ^3.2.2
377 silly placeDep ROOT chokidar@4.0.3 OK for: c12@3.1.0 want: ^4.0.3
378 silly placeDep ROOT confbox@0.2.2 OK for: c12@3.1.0 want: ^0.2.2
379 silly placeDep ROOT defu@6.1.4 OK for: c12@3.1.0 want: ^6.1.4
380 silly placeDep ROOT dotenv@16.6.1 OK for: c12@3.1.0 want: ^16.6.1
381 silly placeDep ROOT exsolve@1.0.8 OK for: c12@3.1.0 want: ^1.0.7
382 silly placeDep ROOT giget@2.0.0 OK for: c12@3.1.0 want: ^2.0.0
383 silly placeDep ROOT jiti@2.6.1 OK for: c12@3.1.0 want: ^2.4.2
384 silly placeDep ROOT ohash@2.0.11 OK for: c12@3.1.0 want: ^2.0.11
385 silly placeDep ROOT perfect-debounce@1.0.0 OK for: c12@3.1.0 want: ^1.0.0
386 silly placeDep ROOT pkg-types@2.3.0 OK for: c12@3.1.0 want: ^2.2.0
387 silly placeDep ROOT rc9@2.1.2 OK for: c12@3.1.0 want: ^2.1.2
388 silly fetch manifest readdirp@^4.0.1
389 silly packumentCache full:https://registry.npmjs.org/readdirp cache-miss
390 silly fetch manifest citty@^0.1.6
391 silly packumentCache full:https://registry.npmjs.org/citty cache-miss
392 silly fetch manifest consola@^3.4.0
393 silly packumentCache full:https://registry.npmjs.org/consola cache-miss
394 silly fetch manifest node-fetch-native@^1.6.6
395 silly packumentCache full:https://registry.npmjs.org/node-fetch-native cache-miss
396 silly fetch manifest nypm@^0.6.0
397 silly packumentCache full:https://registry.npmjs.org/nypm cache-miss
398 silly fetch manifest destr@^2.0.3
399 silly packumentCache full:https://registry.npmjs.org/destr cache-miss
400 http fetch GET 200 https://registry.npmjs.org/consola 61ms (cache revalidated)
401 silly packumentCache full:https://registry.npmjs.org/consola set size:324648 disposed:false
402 http fetch GET 200 https://registry.npmjs.org/destr 77ms (cache revalidated)
403 silly packumentCache full:https://registry.npmjs.org/destr set size:65344 disposed:false
404 http fetch GET 200 https://registry.npmjs.org/citty 82ms (cache revalidated)
405 silly packumentCache full:https://registry.npmjs.org/citty set size:28597 disposed:false
406 http fetch GET 200 https://registry.npmjs.org/readdirp 86ms (cache revalidated)
407 silly packumentCache full:https://registry.npmjs.org/readdirp set size:107589 disposed:false
408 http fetch GET 200 https://registry.npmjs.org/node-fetch-native 90ms (cache revalidated)
409 silly packumentCache full:https://registry.npmjs.org/node-fetch-native set size:114626 disposed:false
410 http fetch GET 200 https://registry.npmjs.org/nypm 95ms (cache revalidated)
411 silly packumentCache full:https://registry.npmjs.org/nypm set size:75706 disposed:false
412 silly placeDep ROOT @chevrotain/cst-dts-gen@10.5.0 OK for: chevrotain@10.5.0 want: 10.5.0
413 silly placeDep ROOT @chevrotain/gast@10.5.0 OK for: chevrotain@10.5.0 want: 10.5.0
414 silly placeDep ROOT @chevrotain/types@10.5.0 OK for: chevrotain@10.5.0 want: 10.5.0
415 silly placeDep ROOT @chevrotain/utils@10.5.0 OK for: chevrotain@10.5.0 want: 10.5.0
416 silly placeDep ROOT lodash@4.17.21 OK for: chevrotain@10.5.0 want: 4.17.21
417 silly placeDep ROOT regexp-to-ast@0.5.0 OK for: chevrotain@10.5.0 want: 0.5.0
418 silly placeDep ROOT readdirp@4.1.2 OK for: chokidar@4.0.3 want: ^4.0.1
419 silly placeDep ROOT @standard-schema/spec@1.0.0 OK for: effect@3.18.4 want: ^1.0.0
420 silly placeDep ROOT fast-check@3.23.2 OK for: effect@3.18.4 want: ^3.23.1
421 silly fetch manifest pure-rand@^6.1.0
422 silly packumentCache full:https://registry.npmjs.org/pure-rand cache-miss
423 http fetch GET 200 https://registry.npmjs.org/pure-rand 62ms (cache revalidated)
424 silly packumentCache full:https://registry.npmjs.org/pure-rand set size:165525 disposed:false
425 silly placeDep ROOT pure-rand@6.1.0 OK for: fast-check@3.23.2 want: ^6.1.0
426 silly placeDep ROOT cross-spawn@7.0.6 OK for: foreground-child@3.3.1 want: ^7.0.6
427 silly placeDep ROOT signal-exit@4.1.0 OK for: foreground-child@3.3.1 want: ^4.0.1
428 silly fetch manifest which@^2.0.1
429 silly packumentCache full:https://registry.npmjs.org/which cache-miss
430 silly fetch manifest path-key@^3.1.0
431 silly packumentCache full:https://registry.npmjs.org/path-key cache-miss
432 silly fetch manifest shebang-command@^2.0.0
433 silly packumentCache full:https://registry.npmjs.org/shebang-command cache-miss
434 http fetch GET 200 https://registry.npmjs.org/shebang-command 82ms (cache revalidated)
435 silly packumentCache full:https://registry.npmjs.org/shebang-command set size:8525 disposed:false
436 http fetch GET 200 https://registry.npmjs.org/path-key 86ms (cache revalidated)
437 silly packumentCache full:https://registry.npmjs.org/path-key set size:16975 disposed:false
438 http fetch GET 200 https://registry.npmjs.org/which 91ms (cache revalidated)
439 silly packumentCache full:https://registry.npmjs.org/which set size:65264 disposed:false
440 silly placeDep ROOT path-key@3.1.1 OK for: cross-spawn@7.0.6 want: ^3.1.0
441 silly placeDep ROOT shebang-command@2.0.0 OK for: cross-spawn@7.0.6 want: ^2.0.0
442 silly placeDep ROOT which@2.0.2 OK for: cross-spawn@7.0.6 want: ^2.0.1
443 silly fetch manifest shebang-regex@^3.0.0
444 silly packumentCache full:https://registry.npmjs.org/shebang-regex cache-miss
445 silly fetch manifest isexe@^2.0.0
446 silly packumentCache full:https://registry.npmjs.org/isexe cache-miss
447 http fetch GET 200 https://registry.npmjs.org/shebang-regex 80ms (cache revalidated)
448 silly packumentCache full:https://registry.npmjs.org/shebang-regex set size:9763 disposed:false
449 http fetch GET 200 https://registry.npmjs.org/isexe 83ms (cache revalidated)
450 silly packumentCache full:https://registry.npmjs.org/isexe set size:19340 disposed:false
451 silly placeDep ROOT citty@0.1.6 OK for: giget@2.0.0 want: ^0.1.6
452 silly placeDep ROOT consola@3.4.2 OK for: giget@2.0.0 want: ^3.4.0
453 silly placeDep ROOT node-fetch-native@1.6.7 OK for: giget@2.0.0 want: ^1.6.6
454 silly placeDep ROOT nypm@0.6.2 OK for: giget@2.0.0 want: ^0.6.0
455 silly fetch manifest consola@^3.2.3
456 silly packumentCache full:https://registry.npmjs.org/consola cache-hit
457 silly fetch manifest tinyexec@^1.0.1
458 silly packumentCache full:https://registry.npmjs.org/tinyexec cache-miss
459 http fetch GET 200 https://registry.npmjs.org/tinyexec 82ms (cache revalidated)
460 silly packumentCache full:https://registry.npmjs.org/tinyexec set size:38584 disposed:false
461 silly placeDep ROOT aws-ssl-profiles@1.1.2 OK for: mysql2@3.15.3 want: ^1.1.1
462 silly placeDep ROOT denque@2.1.0 OK for: mysql2@3.15.3 want: ^2.1.0
463 silly placeDep ROOT generate-function@2.3.1 OK for: mysql2@3.15.3 want: ^2.3.1
464 silly placeDep ROOT iconv-lite@0.7.0 OK for: mysql2@3.15.3 want: ^0.7.0
465 silly placeDep ROOT long@5.3.2 OK for: mysql2@3.15.3 want: ^5.2.1
466 silly placeDep ROOT lru.min@1.1.3 OK for: mysql2@3.15.3 want: ^1.0.0
467 silly placeDep ROOT named-placeholders@1.1.3 OK for: mysql2@3.15.3 want: ^1.1.3
468 silly placeDep ROOT seq-queue@0.0.5 OK for: mysql2@3.15.3 want: ^0.0.5
469 silly placeDep ROOT sqlstring@2.3.3 OK for: mysql2@3.15.3 want: ^2.3.2
470 silly fetch manifest is-property@^1.0.2
471 silly packumentCache full:https://registry.npmjs.org/is-property cache-miss
472 silly fetch manifest safer-buffer@>= 2.1.2 < 3.0.0
473 silly packumentCache full:https://registry.npmjs.org/safer-buffer cache-miss
474 silly fetch manifest lru-cache@^7.14.1
475 silly packumentCache full:https://registry.npmjs.org/lru-cache cache-miss
476 http fetch GET 200 https://registry.npmjs.org/lru-cache 67ms (cache revalidated)
477 silly packumentCache full:https://registry.npmjs.org/lru-cache set size:406394 disposed:false
478 http fetch GET 200 https://registry.npmjs.org/safer-buffer 77ms (cache revalidated)
479 silly packumentCache full:https://registry.npmjs.org/safer-buffer set size:18521 disposed:false
480 http fetch GET 200 https://registry.npmjs.org/is-property 79ms (cache revalidated)
481 silly packumentCache full:https://registry.npmjs.org/is-property set size:6745 disposed:false
482 silly placeDep ROOT is-property@1.0.2 OK for: generate-function@2.3.1 want: ^1.0.2
483 silly placeDep ROOT safer-buffer@2.1.2 OK for: iconv-lite@0.7.0 want: >= 2.1.2 < 3.0.0
484 silly placeDep ROOT lru-cache@7.18.3 OK for: named-placeholders@1.1.3 want: ^7.14.1
485 silly placeDep ROOT tinyexec@1.0.2 OK for: nypm@0.6.2 want: ^1.0.1
486 silly placeDep ROOT graceful-fs@4.2.11 OK for: proper-lockfile@4.1.2 want: ^4.2.4
487 silly placeDep ROOT retry@0.12.0 OK for: proper-lockfile@4.1.2 want: ^0.12.0
488 silly placeDep node_modules/proper-lockfile signal-exit@3.0.7 OK for: proper-lockfile@4.1.2 want: ^3.0.2
489 silly placeDep ROOT destr@2.0.5 OK for: rc9@2.1.2 want: ^2.0.3
490 silly placeDep ROOT scheduler@0.27.0 OK for: react-dom@19.2.0 want: ^0.27.0
491 silly placeDep ROOT type-fest@4.41.0 OK for: remeda@2.21.3 want: ^4.39.1
492 silly placeDep ROOT shebang-regex@3.0.0 OK for: shebang-command@2.0.0 want: ^3.0.0
493 silly placeDep ROOT isexe@2.0.0 OK for: which@2.0.2 want: ^2.0.0
494 silly placeDep ROOT grammex@3.1.12 OK for: zeptomatch@2.0.2 want: ^3.1.10
495 silly reify moves {}
496 silly audit bulk request {
496 silly audit   prisma: [ '7.0.1' ],
496 silly audit   '@prisma/config': [ '7.0.1' ],
496 silly audit   '@prisma/dev': [ '0.13.0' ],
496 silly audit   '@prisma/engines': [ '7.0.1' ],
496 silly audit   '@prisma/studio-core': [ '0.8.2' ],
496 silly audit   react: [ '19.2.0' ],
496 silly audit   'react-dom': [ '19.2.0' ],
496 silly audit   '@types/react': [ '19.2.7' ],
496 silly audit   mysql2: [ '3.15.3' ],
496 silly audit   postgres: [ '3.4.7' ],
496 silly audit   c12: [ '3.1.0' ],
496 silly audit   'deepmerge-ts': [ '7.1.5' ],
496 silly audit   effect: [ '3.18.4' ],
496 silly audit   empathic: [ '2.0.0' ],
496 silly audit   '@electric-sql/pglite': [ '0.3.2' ],
496 silly audit   '@electric-sql/pglite-socket': [ '0.0.6' ],
496 silly audit   '@electric-sql/pglite-tools': [ '0.2.7' ],
496 silly audit   '@hono/node-server': [ '1.14.2' ],
496 silly audit   hono: [ '4.7.10' ],
496 silly audit   '@mrleebo/prisma-ast': [ '0.12.1' ],
496 silly audit   '@prisma/get-platform': [ '6.8.2', '7.0.1' ],
496 silly audit   '@prisma/query-plan-executor': [ '6.18.0' ],
496 silly audit   'foreground-child': [ '3.3.1' ],
496 silly audit   'get-port-please': [ '3.1.2' ],
496 silly audit   'http-status-codes': [ '2.3.0' ],
496 silly audit   pathe: [ '2.0.3' ],
496 silly audit   'proper-lockfile': [ '4.1.2' ],
496 silly audit   remeda: [ '2.21.3' ],
496 silly audit   'std-env': [ '3.9.0' ],
496 silly audit   valibot: [ '1.1.0' ],
496 silly audit   zeptomatch: [ '2.0.2' ],
496 silly audit   chevrotain: [ '10.5.0' ],
496 silly audit   lilconfig: [ '2.1.0' ],
496 silly audit   '@prisma/debug': [ '7.0.1', '6.8.2' ],
496 silly audit   '@prisma/engines-version': [ '7.1.0-2.f09f2815f091dbba658cdcd2264306d88bb5bda6' ],
496 silly audit   '@prisma/fetch-engine': [ '7.0.1' ],
496 silly audit   csstype: [ '3.2.3' ],
496 silly audit   chokidar: [ '4.0.3' ],
496 silly audit   confbox: [ '0.2.2' ],
496 silly audit   defu: [ '6.1.4' ],
496 silly audit   dotenv: [ '16.6.1' ],
496 silly audit   exsolve: [ '1.0.8' ],
496 silly audit   giget: [ '2.0.0' ],
496 silly audit   jiti: [ '2.6.1' ],
496 silly audit   ohash: [ '2.0.11' ],
496 silly audit   'perfect-debounce': [ '1.0.0' ],
496 silly audit   'pkg-types': [ '2.3.0' ],
496 silly audit   rc9: [ '2.1.2' ],
496 silly audit   '@chevrotain/cst-dts-gen': [ '10.5.0' ],
496 silly audit   '@chevrotain/gast': [ '10.5.0' ],
496 silly audit   '@chevrotain/types': [ '10.5.0' ],
496 silly audit   '@chevrotain/utils': [ '10.5.0' ],
496 silly audit   lodash: [ '4.17.21' ],
496 silly audit   'regexp-to-ast': [ '0.5.0' ],
496 silly audit   readdirp: [ '4.1.2' ],
496 silly audit   '@standard-schema/spec': [ '1.0.0' ],
496 silly audit   'fast-check': [ '3.23.2' ],
496 silly audit   'pure-rand': [ '6.1.0' ],
496 silly audit   'cross-spawn': [ '7.0.6' ],
496 silly audit   'signal-exit': [ '4.1.0', '3.0.7' ],
496 silly audit   'path-key': [ '3.1.1' ],
496 silly audit   'shebang-command': [ '2.0.0' ],
496 silly audit   which: [ '2.0.2' ],
496 silly audit   citty: [ '0.1.6' ],
496 silly audit   consola: [ '3.4.2' ],
496 silly audit   'node-fetch-native': [ '1.6.7' ],
496 silly audit   nypm: [ '0.6.2' ],
496 silly audit   'aws-ssl-profiles': [ '1.1.2' ],
496 silly audit   denque: [ '2.1.0' ],
496 silly audit   'generate-function': [ '2.3.1' ],
496 silly audit   'iconv-lite': [ '0.7.0' ],
496 silly audit   long: [ '5.3.2' ],
496 silly audit   'lru.min': [ '1.1.3' ],
496 silly audit   'named-placeholders': [ '1.1.3' ],
496 silly audit   'seq-queue': [ '0.0.5' ],
496 silly audit   sqlstring: [ '2.3.3' ],
496 silly audit   'is-property': [ '1.0.2' ],
496 silly audit   'safer-buffer': [ '2.1.2' ],
496 silly audit   'lru-cache': [ '7.18.3' ],
496 silly audit   tinyexec: [ '1.0.2' ],
496 silly audit   'graceful-fs': [ '4.2.11' ],
496 silly audit   retry: [ '0.12.0' ],
496 silly audit   destr: [ '2.0.5' ],
496 silly audit   scheduler: [ '0.27.0' ],
496 silly audit   'type-fest': [ '4.41.0' ],
496 silly audit   'shebang-regex': [ '3.0.0' ],
496 silly audit   isexe: [ '2.0.0' ],
496 silly audit   grammex: [ '3.1.12' ]
496 silly audit }
497 http cache isexe@https://registry.npmjs.org/isexe/-/isexe-2.0.0.tgz 0ms (cache hit)
498 http cache shebang-regex@https://registry.npmjs.org/shebang-regex/-/shebang-regex-3.0.0.tgz 1ms (cache hit)
499 http cache grammex@https://registry.npmjs.org/grammex/-/grammex-3.1.12.tgz 0ms (cache hit)
500 http cache type-fest@https://registry.npmjs.org/type-fest/-/type-fest-4.41.0.tgz 0ms (cache hit)
501 http cache scheduler@https://registry.npmjs.org/scheduler/-/scheduler-0.27.0.tgz 0ms (cache hit)
502 http cache destr@https://registry.npmjs.org/destr/-/destr-2.0.5.tgz 0ms (cache hit)
503 http cache graceful-fs@https://registry.npmjs.org/graceful-fs/-/graceful-fs-4.2.11.tgz 0ms (cache hit)
504 http cache retry@https://registry.npmjs.org/retry/-/retry-0.12.0.tgz 0ms (cache hit)
505 http cache tinyexec@https://registry.npmjs.org/tinyexec/-/tinyexec-1.0.2.tgz 0ms (cache hit)
506 http cache lru-cache@https://registry.npmjs.org/lru-cache/-/lru-cache-7.18.3.tgz 0ms (cache hit)
507 http cache safer-buffer@https://registry.npmjs.org/safer-buffer/-/safer-buffer-2.1.2.tgz 0ms (cache hit)
508 http cache is-property@https://registry.npmjs.org/is-property/-/is-property-1.0.2.tgz 0ms (cache hit)
509 http cache seq-queue@https://registry.npmjs.org/seq-queue/-/seq-queue-0.0.5.tgz 0ms (cache hit)
510 http cache named-placeholders@https://registry.npmjs.org/named-placeholders/-/named-placeholders-1.1.3.tgz 0ms (cache hit)
511 http cache lru.min@https://registry.npmjs.org/lru.min/-/lru.min-1.1.3.tgz 0ms (cache hit)
512 http cache sqlstring@https://registry.npmjs.org/sqlstring/-/sqlstring-2.3.3.tgz 0ms (cache hit)
513 http cache long@https://registry.npmjs.org/long/-/long-5.3.2.tgz 0ms (cache hit)
514 http cache iconv-lite@https://registry.npmjs.org/iconv-lite/-/iconv-lite-0.7.0.tgz 0ms (cache hit)
515 http cache generate-function@https://registry.npmjs.org/generate-function/-/generate-function-2.3.1.tgz 0ms (cache hit)
516 http cache denque@https://registry.npmjs.org/denque/-/denque-2.1.0.tgz 0ms (cache hit)
517 http cache aws-ssl-profiles@https://registry.npmjs.org/aws-ssl-profiles/-/aws-ssl-profiles-1.1.2.tgz 0ms (cache hit)
518 http cache nypm@https://registry.npmjs.org/nypm/-/nypm-0.6.2.tgz 0ms (cache hit)
519 http cache node-fetch-native@https://registry.npmjs.org/node-fetch-native/-/node-fetch-native-1.6.7.tgz 0ms (cache hit)
520 http cache consola@https://registry.npmjs.org/consola/-/consola-3.4.2.tgz 0ms (cache hit)
521 http cache citty@https://registry.npmjs.org/citty/-/citty-0.1.6.tgz 0ms (cache hit)
522 http cache which@https://registry.npmjs.org/which/-/which-2.0.2.tgz 0ms (cache hit)
523 http cache shebang-command@https://registry.npmjs.org/shebang-command/-/shebang-command-2.0.0.tgz 0ms (cache hit)
524 http cache @standard-schema/spec@https://registry.npmjs.org/@standard-schema/spec/-/spec-1.0.0.tgz 0ms (cache hit)
525 http cache cross-spawn@https://registry.npmjs.org/cross-spawn/-/cross-spawn-7.0.6.tgz 0ms (cache hit)
526 http cache path-key@https://registry.npmjs.org/path-key/-/path-key-3.1.1.tgz 0ms (cache hit)
527 http cache signal-exit@https://registry.npmjs.org/signal-exit/-/signal-exit-4.1.0.tgz 0ms (cache hit)
528 http cache pure-rand@https://registry.npmjs.org/pure-rand/-/pure-rand-6.1.0.tgz 0ms (cache hit)
529 http cache @chevrotain/utils@https://registry.npmjs.org/@chevrotain/utils/-/utils-10.5.0.tgz 0ms (cache hit)
530 http cache fast-check@https://registry.npmjs.org/fast-check/-/fast-check-3.23.2.tgz 0ms (cache hit)
531 http cache readdirp@https://registry.npmjs.org/readdirp/-/readdirp-4.1.2.tgz 1ms (cache hit)
532 http cache @chevrotain/types@https://registry.npmjs.org/@chevrotain/types/-/types-10.5.0.tgz 0ms (cache hit)
533 http cache regexp-to-ast@https://registry.npmjs.org/regexp-to-ast/-/regexp-to-ast-0.5.0.tgz 0ms (cache hit)
534 http cache @chevrotain/gast@https://registry.npmjs.org/@chevrotain/gast/-/gast-10.5.0.tgz 0ms (cache hit)
535 http cache lodash@https://registry.npmjs.org/lodash/-/lodash-4.17.21.tgz 0ms (cache hit)
536 http cache @chevrotain/cst-dts-gen@https://registry.npmjs.org/@chevrotain/cst-dts-gen/-/cst-dts-gen-10.5.0.tgz 0ms (cache hit)
537 http cache pkg-types@https://registry.npmjs.org/pkg-types/-/pkg-types-2.3.0.tgz 0ms (cache hit)
538 http cache perfect-debounce@https://registry.npmjs.org/perfect-debounce/-/perfect-debounce-1.0.0.tgz 0ms (cache hit)
539 http cache rc9@https://registry.npmjs.org/rc9/-/rc9-2.1.2.tgz 0ms (cache hit)
540 http cache jiti@https://registry.npmjs.org/jiti/-/jiti-2.6.1.tgz 0ms (cache hit)
541 http cache ohash@https://registry.npmjs.org/ohash/-/ohash-2.0.11.tgz 0ms (cache hit)
542 http cache giget@https://registry.npmjs.org/giget/-/giget-2.0.0.tgz 0ms (cache hit)
543 http cache @prisma/fetch-engine@https://registry.npmjs.org/@prisma/fetch-engine/-/fetch-engine-7.0.1.tgz 0ms (cache hit)
544 http cache exsolve@https://registry.npmjs.org/exsolve/-/exsolve-1.0.8.tgz 0ms (cache hit)
545 http cache defu@https://registry.npmjs.org/defu/-/defu-6.1.4.tgz 0ms (cache hit)
546 http cache @prisma/engines-version@https://registry.npmjs.org/@prisma/engines-version/-/engines-version-7.1.0-2.f09f2815f091dbba658cdcd2264306d88bb5bda6.tgz 0ms (cache hit)
547 http cache chokidar@https://registry.npmjs.org/chokidar/-/chokidar-4.0.3.tgz 0ms (cache hit)
548 http cache csstype@https://registry.npmjs.org/csstype/-/csstype-3.2.3.tgz 0ms (cache hit)
549 http cache confbox@https://registry.npmjs.org/confbox/-/confbox-0.2.2.tgz 0ms (cache hit)
550 http cache @prisma/debug@https://registry.npmjs.org/@prisma/debug/-/debug-7.0.1.tgz 0ms (cache hit)
551 http cache lilconfig@https://registry.npmjs.org/lilconfig/-/lilconfig-2.1.0.tgz 0ms (cache hit)
552 http cache dotenv@https://registry.npmjs.org/dotenv/-/dotenv-16.6.1.tgz 0ms (cache hit)
553 http cache chevrotain@https://registry.npmjs.org/chevrotain/-/chevrotain-10.5.0.tgz 0ms (cache hit)
554 http cache zeptomatch@https://registry.npmjs.org/zeptomatch/-/zeptomatch-2.0.2.tgz 0ms (cache hit)
555 http cache valibot@https://registry.npmjs.org/valibot/-/valibot-1.1.0.tgz 0ms (cache hit)
556 http cache std-env@https://registry.npmjs.org/std-env/-/std-env-3.9.0.tgz 0ms (cache hit)
557 http cache remeda@https://registry.npmjs.org/remeda/-/remeda-2.21.3.tgz 0ms (cache hit)
558 http cache proper-lockfile@https://registry.npmjs.org/proper-lockfile/-/proper-lockfile-4.1.2.tgz 0ms (cache hit)
559 http cache pathe@https://registry.npmjs.org/pathe/-/pathe-2.0.3.tgz 0ms (cache hit)
560 http cache get-port-please@https://registry.npmjs.org/get-port-please/-/get-port-please-3.1.2.tgz 0ms (cache hit)
561 http cache foreground-child@https://registry.npmjs.org/foreground-child/-/foreground-child-3.3.1.tgz 0ms (cache hit)
562 http cache http-status-codes@https://registry.npmjs.org/http-status-codes/-/http-status-codes-2.3.0.tgz 0ms (cache hit)
563 http cache @prisma/query-plan-executor@https://registry.npmjs.org/@prisma/query-plan-executor/-/query-plan-executor-6.18.0.tgz 0ms (cache hit)
564 http cache @prisma/get-platform@https://registry.npmjs.org/@prisma/get-platform/-/get-platform-6.8.2.tgz 0ms (cache hit)
565 http cache @hono/node-server@https://registry.npmjs.org/@hono/node-server/-/node-server-1.14.2.tgz 0ms (cache hit)
566 http cache @mrleebo/prisma-ast@https://registry.npmjs.org/@mrleebo/prisma-ast/-/prisma-ast-0.12.1.tgz 0ms (cache hit)
567 http cache hono@https://registry.npmjs.org/hono/-/hono-4.7.10.tgz 0ms (cache hit)
568 http cache effect@https://registry.npmjs.org/effect/-/effect-3.18.4.tgz 0ms (cache hit)
569 http cache deepmerge-ts@https://registry.npmjs.org/deepmerge-ts/-/deepmerge-ts-7.1.5.tgz 0ms (cache hit)
570 http cache empathic@https://registry.npmjs.org/empathic/-/empathic-2.0.0.tgz 0ms (cache hit)
571 http cache c12@https://registry.npmjs.org/c12/-/c12-3.1.0.tgz 0ms (cache hit)
572 http cache mysql2@https://registry.npmjs.org/mysql2/-/mysql2-3.15.3.tgz 0ms (cache hit)
573 http cache postgres@https://registry.npmjs.org/postgres/-/postgres-3.4.7.tgz 0ms (cache hit)
574 http cache @electric-sql/pglite@https://registry.npmjs.org/@electric-sql/pglite/-/pglite-0.3.2.tgz 0ms (cache hit)
575 http cache @electric-sql/pglite-socket@https://registry.npmjs.org/@electric-sql/pglite-socket/-/pglite-socket-0.0.6.tgz 0ms (cache hit)
576 http cache @electric-sql/pglite-tools@https://registry.npmjs.org/@electric-sql/pglite-tools/-/pglite-tools-0.2.7.tgz 0ms (cache hit)
577 http cache @prisma/engines@https://registry.npmjs.org/@prisma/engines/-/engines-7.0.1.tgz 0ms (cache hit)
578 http cache react-dom@https://registry.npmjs.org/react-dom/-/react-dom-19.2.0.tgz 0ms (cache hit)
579 http cache @types/react@https://registry.npmjs.org/@types/react/-/react-19.2.7.tgz 0ms (cache hit)
580 http cache @prisma/studio-core@https://registry.npmjs.org/@prisma/studio-core/-/studio-core-0.8.2.tgz 0ms (cache hit)
581 http cache @prisma/dev@https://registry.npmjs.org/@prisma/dev/-/dev-0.13.0.tgz 0ms (cache hit)
582 http cache react@https://registry.npmjs.org/react/-/react-19.2.0.tgz 0ms (cache hit)
583 http cache @prisma/config@https://registry.npmjs.org/@prisma/config/-/config-7.0.1.tgz 0ms (cache hit)
584 http cache @prisma/debug@https://registry.npmjs.org/@prisma/debug/-/debug-6.8.2.tgz 0ms (cache hit)
585 http cache @prisma/get-platform@https://registry.npmjs.org/@prisma/get-platform/-/get-platform-7.0.1.tgz 0ms (cache hit)
586 http cache prisma@https://registry.npmjs.org/prisma/-/prisma-7.0.1.tgz 0ms (cache hit)
587 http cache signal-exit@https://registry.npmjs.org/signal-exit/-/signal-exit-3.0.7.tgz 0ms (cache hit)
588 http cache @prisma/get-platform@https://registry.npmjs.org/@prisma/get-platform/-/get-platform-7.0.1.tgz 0ms (cache hit)
589 http fetch POST 200 https://registry.npmjs.org/-/npm/v1/security/advisories/bulk 1093ms
590 silly audit report {
590 silly audit report   hono: [
590 silly audit report     {
590 silly audit report       id: 1111032,
590 silly audit report       url: 'https://github.com/advisories/GHSA-q7jf-gf43-6x6p',
590 silly audit report       title: 'Hono vulnerable to Vary Header Injection leading to potential CORS Bypass',
590 silly audit report       severity: 'moderate',
590 silly audit report       vulnerable_versions: '<4.10.3',
590 silly audit report       cwe: [Array],
590 silly audit report       cvss: [Object]
590 silly audit report     },
590 silly audit report     {
590 silly audit report       id: 1107532,
590 silly audit report       url: 'https://github.com/advisories/GHSA-92vj-g62v-jqhh',
590 silly audit report       title: 'Hono has Body Limit Middleware Bypass',
590 silly audit report       severity: 'moderate',
590 silly audit report       vulnerable_versions: '<4.9.7',
590 silly audit report       cwe: [Array],
590 silly audit report       cvss: [Object]
590 silly audit report     },
590 silly audit report     {
590 silly audit report       id: 1109151,
590 silly audit report       url: 'https://github.com/advisories/GHSA-m732-5p4w-x69g',
590 silly audit report       title: 'Hono Improper Authorization vulnerability',
590 silly audit report       severity: 'high',
590 silly audit report       vulnerable_versions: '>=1.1.0 <4.10.2',
590 silly audit report       cwe: [Array],
590 silly audit report       cvss: [Object]
590 silly audit report     }
590 silly audit report   ],
590 silly audit report   valibot: [
590 silly audit report     {
590 silly audit report       id: 1110992,
590 silly audit report       url: 'https://github.com/advisories/GHSA-vqpr-j7v3-hqw9',
590 silly audit report       title: 'Valibot has a ReDoS vulnerability in `EMOJI_REGEX`',
590 silly audit report       severity: 'high',
590 silly audit report       vulnerable_versions: '>=0.31.0 <1.2.0',
590 silly audit report       cwe: [Array],
590 silly audit report       cvss: [Object]
590 silly audit report     }
590 silly audit report   ]
590 silly audit report }
591 silly packumentCache corgi:https://registry.npmjs.org/hono cache-miss
592 silly packumentCache corgi:https://registry.npmjs.org/valibot cache-miss
593 http fetch GET 200 https://registry.npmjs.org/hono 307ms (cache revalidated)
594 silly packumentCache corgi:https://registry.npmjs.org/hono set size:656115 disposed:false
595 http fetch GET 200 https://registry.npmjs.org/valibot 376ms (cache revalidated)
596 silly packumentCache corgi:https://registry.npmjs.org/valibot set size:91138 disposed:false
597 silly packumentCache corgi:https://registry.npmjs.org/@prisma%2fdev cache-miss
598 silly packumentCache corgi:https://registry.npmjs.org/@hono%2fnode-server cache-miss
599 http fetch GET 200 https://registry.npmjs.org/@prisma%2fdev 592ms (cache revalidated)
600 silly packumentCache corgi:https://registry.npmjs.org/@prisma%2fdev set size:801386 disposed:false
601 http fetch GET 200 https://registry.npmjs.org/@hono%2fnode-server 1491ms (cache revalidated)
602 silly packumentCache corgi:https://registry.npmjs.org/@hono%2fnode-server set size:76952 disposed:false
603 silly packumentCache corgi:https://registry.npmjs.org/prisma cache-miss
604 http cache https://registry.npmjs.org/prisma 129ms (cache hit)
605 silly packumentCache corgi:https://registry.npmjs.org/prisma set size:22052749 disposed:false
606 info run prisma@7.0.1 preinstall node_modules/prisma node scripts/preinstall-entry.js
607 info run prisma@7.0.1 preinstall { code: 0, signal: null }
608 info run @prisma/engines@7.0.1 postinstall node_modules/@prisma/engines node scripts/postinstall.js
609 info run @prisma/engines@7.0.1 postinstall { code: 0, signal: null }
610 verbose cwd D:\Projects\school\my-school-project
611 verbose os Windows_NT 10.0.22631
612 verbose node v22.17.0
613 verbose npm  v11.5.2
614 verbose exit 1
615 verbose code 1
