0 verbose cli C:\Program Files\nodejs\node.exe C:\Users\Asus\AppData\Roaming\npm\node_modules\npm\bin\npm-cli.js
1 info using npm@11.5.2
2 info using node@v22.17.0
3 silly config load:file:C:\Users\Asus\AppData\Roaming\npm\node_modules\npm\npmrc
4 silly config load:file:d:\Projects\school\my-school-project\.npmrc
5 silly config load:file:C:\Users\Asus\.npmrc
6 silly config load:file:C:\Users\Asus\AppData\Roaming\npm\etc\npmrc
7 verbose title npm view @tailwindcss/postcss description dist-tags.latest homepage version time
8 verbose argv "view" "--json" "--" "@tailwindcss/postcss" "description" "dist-tags.latest" "homepage" "version" "time"
9 verbose logfile logs-max:10 dir:D:\Projects\school\my-school-project\npm-cache\_logs\2025-12-02T04_29_14_787Z-
10 verbose logfile D:\Projects\school\my-school-project\npm-cache\_logs\2025-12-02T04_29_14_787Z-debug-0.log
11 silly logfile start cleaning logs, removing 1 files
12 silly logfile done cleaning log files
13 http fetch GET 200 https://registry.npmjs.org/@tailwindcss%2fpostcss 3865ms (cache revalidated)
14 verbose cwd d:\Projects\school\my-school-project
15 verbose os Windows_NT 10.0.22631
16 verbose node v22.17.0
17 verbose npm  v11.5.2
18 verbose exit 0
19 info ok
